<?xml version="1.0" encoding="UTF-8"?>
<coverage generated="1541647494085" clover="3.2.0">
  <project timestamp="1541647494085" name="All files">
    <metrics statements="372" coveredstatements="348" conditionals="115" coveredconditionals="108" methods="116" coveredmethods="97" elements="603" coveredelements="553" complexity="0" loc="372" ncloc="372" packages="5" files="21" classes="21">
      <package name="server">
        <metrics statements="51" coveredstatements="49" conditionals="8" coveredconditionals="8" methods="14" coveredmethods="14"/>
        <file name="serverFactory.js" path="/Users/joe/PROJECTS/auctioneer/server/serverFactory.js">
          <metrics statements="51" coveredstatements="49" conditionals="8" coveredconditionals="8" methods="14" coveredmethods="14"/>
          <line num="1" count="1" type="stmt"/>
          <line num="2" count="1" type="stmt"/>
          <line num="3" count="1" type="stmt"/>
          <line num="4" count="1" type="stmt"/>
          <line num="5" count="1" type="stmt"/>
          <line num="6" count="1" type="stmt"/>
          <line num="7" count="1" type="stmt"/>
          <line num="8" count="1" type="stmt"/>
          <line num="10" count="1" type="stmt"/>
          <line num="12" count="1" type="stmt"/>
          <line num="13" count="1" type="stmt"/>
          <line num="15" count="1" type="stmt"/>
          <line num="16" count="1" type="stmt"/>
          <line num="18" count="1" type="stmt"/>
          <line num="19" count="13" type="stmt"/>
          <line num="24" count="1" type="stmt"/>
          <line num="25" count="1" type="stmt"/>
          <line num="29" count="1" type="stmt"/>
          <line num="31" count="12" type="stmt"/>
          <line num="32" count="12" type="stmt"/>
          <line num="34" count="0" type="stmt"/>
          <line num="36" count="12" type="stmt"/>
          <line num="39" count="1" type="stmt"/>
          <line num="40" count="4" type="stmt"/>
          <line num="41" count="4" type="stmt"/>
          <line num="43" count="4" type="stmt"/>
          <line num="44" count="4" type="cond" truecount="2" falsecount="0"/>
          <line num="45" count="1" type="stmt"/>
          <line num="47" count="9" type="cond" truecount="2" falsecount="0"/>
          <line num="48" count="2" type="stmt"/>
          <line num="50" count="4" type="cond" truecount="2" falsecount="0"/>
          <line num="54" count="11" type="stmt"/>
          <line num="57" count="1" type="stmt"/>
          <line num="61" count="1" type="stmt"/>
          <line num="62" count="3" type="stmt"/>
          <line num="63" count="12" type="stmt"/>
          <line num="65" count="3" type="stmt"/>
          <line num="68" count="1" type="stmt"/>
          <line num="71" count="1" type="stmt"/>
          <line num="72" count="1" type="stmt"/>
          <line num="74" count="1" type="stmt"/>
          <line num="75" count="1" type="stmt"/>
          <line num="78" count="1" type="stmt"/>
          <line num="80" count="0" type="stmt"/>
          <line num="85" count="1" type="stmt"/>
          <line num="86" count="1" type="stmt"/>
          <line num="87" count="1" type="stmt"/>
          <line num="88" count="8" type="stmt"/>
          <line num="89" count="5" type="cond" truecount="2" falsecount="0"/>
          <line num="91" count="1" type="stmt"/>
          <line num="94" count="1" type="stmt"/>
        </file>
      </package>
      <package name="src">
        <metrics statements="146" coveredstatements="145" conditionals="68" coveredconditionals="68" methods="45" coveredmethods="40"/>
        <file name="App.tsx" path="/Users/joe/PROJECTS/auctioneer/src/App.tsx">
          <metrics statements="32" coveredstatements="31" conditionals="10" coveredconditionals="10" methods="9" coveredmethods="8"/>
          <line num="1" count="1" type="stmt"/>
          <line num="2" count="1" type="stmt"/>
          <line num="3" count="1" type="stmt"/>
          <line num="4" count="1" type="stmt"/>
          <line num="6" count="1" type="stmt"/>
          <line num="7" count="1" type="stmt"/>
          <line num="8" count="1" type="stmt"/>
          <line num="9" count="1" type="stmt"/>
          <line num="10" count="1" type="stmt"/>
          <line num="11" count="1" type="stmt"/>
          <line num="22" count="1" type="stmt"/>
          <line num="24" count="1" type="stmt"/>
          <line num="30" count="7" type="cond" truecount="2" falsecount="0"/>
          <line num="31" count="7" type="cond" truecount="2" falsecount="0"/>
          <line num="32" count="7" type="stmt"/>
          <line num="35" count="1" type="stmt"/>
          <line num="37" count="7" type="stmt"/>
          <line num="40" count="1" type="stmt"/>
          <line num="41" count="5" type="stmt"/>
          <line num="44" count="16" type="stmt"/>
          <line num="45" count="16" type="stmt"/>
          <line num="47" count="16" type="cond" truecount="2" falsecount="0"/>
          <line num="48" count="1" type="stmt"/>
          <line num="51" count="16" type="cond" truecount="2" falsecount="0"/>
          <line num="57" count="0" type="stmt"/>
          <line num="58" count="8" type="stmt"/>
          <line num="59" count="8" type="stmt"/>
          <line num="68" count="1" type="stmt"/>
          <line num="70" count="16" type="stmt"/>
          <line num="76" count="1" type="stmt"/>
          <line num="77" count="7" type="stmt"/>
          <line num="80" count="1" type="stmt"/>
        </file>
        <file name="Poller.ts" path="/Users/joe/PROJECTS/auctioneer/src/Poller.ts">
          <metrics statements="19" coveredstatements="19" conditionals="2" coveredconditionals="2" methods="6" coveredmethods="6"/>
          <line num="1" count="1" type="stmt"/>
          <line num="3" count="6" type="stmt"/>
          <line num="4" count="6" type="stmt"/>
          <line num="5" count="6" type="stmt"/>
          <line num="7" count="1" type="stmt"/>
          <line num="8" count="9" type="stmt"/>
          <line num="9" count="9" type="stmt"/>
          <line num="12" count="1" type="stmt"/>
          <line num="13" count="19" type="cond" truecount="2" falsecount="0"/>
          <line num="14" count="8" type="stmt"/>
          <line num="16" count="11" type="stmt"/>
          <line num="18" count="11" type="stmt"/>
          <line num="19" count="11" type="stmt"/>
          <line num="20" count="1" type="stmt"/>
          <line num="24" count="1" type="stmt"/>
          <line num="25" count="10" type="stmt"/>
          <line num="26" count="10" type="stmt"/>
          <line num="27" count="10" type="stmt"/>
          <line num="29" count="1" type="stmt"/>
        </file>
        <file name="reducers.ts" path="/Users/joe/PROJECTS/auctioneer/src/reducers.ts">
          <metrics statements="71" coveredstatements="71" conditionals="40" coveredconditionals="40" methods="19" coveredmethods="15"/>
          <line num="1" count="1" type="stmt"/>
          <line num="26" count="1" type="stmt"/>
          <line num="28" count="1" type="stmt"/>
          <line num="29" count="1" type="stmt"/>
          <line num="31" count="1" type="stmt"/>
          <line num="32" count="1" type="stmt"/>
          <line num="34" count="1" type="stmt"/>
          <line num="35" count="1" type="stmt"/>
          <line num="36" count="1" type="stmt"/>
          <line num="37" count="1" type="stmt"/>
          <line num="39" count="1" type="stmt"/>
          <line num="47" count="106" type="cond" truecount="2" falsecount="0"/>
          <line num="48" count="78" type="stmt"/>
          <line num="50" count="11" type="stmt"/>
          <line num="51" count="11" type="cond" truecount="2" falsecount="0"/>
          <line num="53" count="31" type="stmt"/>
          <line num="54" count="31" type="cond" truecount="2" falsecount="0"/>
          <line num="55" count="31" type="stmt"/>
          <line num="57" count="11" type="stmt"/>
          <line num="58" count="11" type="stmt"/>
          <line num="60" count="2" type="stmt"/>
          <line num="62" count="2" type="stmt"/>
          <line num="68" count="35" type="stmt"/>
          <line num="70" count="28" type="stmt"/>
          <line num="74" count="1" type="stmt"/>
          <line num="75" count="35" type="stmt"/>
          <line num="76" count="35" type="stmt"/>
          <line num="78" count="35" type="cond" truecount="2" falsecount="0"/>
          <line num="79" count="35" type="stmt"/>
          <line num="81" count="5" type="cond" truecount="2" falsecount="0"/>
          <line num="82" count="1" type="stmt"/>
          <line num="83" count="1" type="stmt"/>
          <line num="85" count="4" type="stmt"/>
          <line num="86" count="4" type="stmt"/>
          <line num="87" count="11" type="cond" truecount="2" falsecount="0"/>
          <line num="88" count="4" type="stmt"/>
          <line num="89" count="4" type="stmt"/>
          <line num="95" count="4" type="cond" truecount="2" falsecount="0"/>
          <line num="96" count="1" type="stmt"/>
          <line num="97" count="1" type="stmt"/>
          <line num="99" count="3" type="stmt"/>
          <line num="100" count="8" type="cond" truecount="2" falsecount="0"/>
          <line num="101" count="3" type="stmt"/>
          <line num="106" count="5" type="stmt"/>
          <line num="107" count="12" type="stmt"/>
          <line num="108" count="5" type="cond" truecount="2" falsecount="0"/>
          <line num="109" count="5" type="cond" truecount="2" falsecount="0"/>
          <line num="110" count="5" type="stmt"/>
          <line num="116" count="17" type="stmt"/>
          <line num="117" count="17" type="stmt"/>
          <line num="118" count="17" type="stmt"/>
          <line num="124" count="4" type="stmt"/>
          <line num="125" count="4" type="stmt"/>
          <line num="126" count="7" type="cond" truecount="2" falsecount="0"/>
          <line num="127" count="4" type="cond" truecount="2" falsecount="0"/>
          <line num="128" count="1" type="stmt"/>
          <line num="129" count="2" type="cond" truecount="2" falsecount="0"/>
          <line num="130" count="1" type="stmt"/>
          <line num="132" count="3" type="stmt"/>
          <line num="134" count="3" type="stmt"/>
          <line num="136" count="4" type="stmt"/>
          <line num="140" count="17" type="stmt"/>
          <line num="141" count="17" type="stmt"/>
          <line num="142" count="8" type="stmt"/>
          <line num="143" count="101" type="stmt"/>
          <line num="144" count="3" type="stmt"/>
          <line num="146" count="1" type="stmt"/>
          <line num="147" count="50" type="stmt"/>
          <line num="148" count="1" type="stmt"/>
          <line num="149" count="1" type="stmt"/>
          <line num="150" count="1" type="stmt"/>
        </file>
        <file name="store.ts" path="/Users/joe/PROJECTS/auctioneer/src/store.ts">
          <metrics statements="6" coveredstatements="6" conditionals="2" coveredconditionals="2" methods="1" coveredmethods="1"/>
          <line num="1" count="1" type="stmt"/>
          <line num="2" count="1" type="stmt"/>
          <line num="3" count="1" type="stmt"/>
          <line num="6" count="31" type="cond" truecount="2" falsecount="0"/>
          <line num="7" count="28" type="stmt"/>
          <line num="9" count="28" type="stmt"/>
        </file>
        <file name="utils.ts" path="/Users/joe/PROJECTS/auctioneer/src/utils.ts">
          <metrics statements="18" coveredstatements="18" conditionals="14" coveredconditionals="14" methods="10" coveredmethods="10"/>
          <line num="3" count="1" type="stmt"/>
          <line num="28" count="1" type="stmt"/>
          <line num="30" count="1" type="stmt"/>
          <line num="32" count="1" type="stmt"/>
          <line num="33" count="117" type="cond" truecount="2" falsecount="0"/>
          <line num="34" count="108" type="stmt"/>
          <line num="35" count="116" type="cond" truecount="2" falsecount="0"/>
          <line num="39" count="1" type="stmt"/>
          <line num="40" count="9" type="cond" truecount="2" falsecount="0"/>
          <line num="41" count="3" type="stmt"/>
          <line num="43" count="7" type="stmt"/>
          <line num="44" count="6" type="cond" truecount="2" falsecount="0"/>
          <line num="47" count="15" type="stmt"/>
          <line num="48" count="44" type="stmt"/>
          <line num="49" count="44" type="cond" truecount="2" falsecount="0"/>
          <line num="53" count="23" type="cond" truecount="2" falsecount="0"/>
          <line num="54" count="20" type="cond" truecount="2" falsecount="0"/>
          <line num="55" count="20" type="stmt"/>
        </file>
      </package>
      <package name="src.actions">
        <metrics statements="42" coveredstatements="40" conditionals="20" coveredconditionals="16" methods="18" coveredmethods="18"/>
        <file name="adminActions.ts" path="/Users/joe/PROJECTS/auctioneer/src/actions/adminActions.ts">
          <metrics statements="21" coveredstatements="20" conditionals="10" coveredconditionals="7" methods="9" coveredmethods="9"/>
          <line num="1" count="1" type="stmt"/>
          <line num="2" count="1" type="stmt"/>
          <line num="5" count="17" type="stmt"/>
          <line num="6" count="2" type="stmt"/>
          <line num="7" count="4" type="stmt"/>
          <line num="8" count="1" type="stmt"/>
          <line num="10" count="9" type="cond" truecount="2" falsecount="0"/>
          <line num="11" count="9" type="cond" truecount="2" falsecount="0"/>
          <line num="12" count="5" type="stmt"/>
          <line num="13" count="5" type="stmt"/>
          <line num="18" count="1" type="stmt"/>
          <line num="20" count="1" type="cond" truecount="1" falsecount="1"/>
          <line num="21" count="1" type="cond" truecount="1" falsecount="1"/>
          <line num="22" count="1" type="stmt"/>
          <line num="23" count="1" type="stmt"/>
          <line num="24" count="1" type="stmt"/>
          <line num="25" count="1" type="cond" truecount="1" falsecount="1"/>
          <line num="26" count="0" type="stmt"/>
          <line num="28" count="1" type="stmt"/>
          <line num="29" count="1" type="stmt"/>
          <line num="32" count="5" type="stmt"/>
        </file>
        <file name="auctionItemActions.ts" path="/Users/joe/PROJECTS/auctioneer/src/actions/auctionItemActions.ts">
          <metrics statements="21" coveredstatements="20" conditionals="10" coveredconditionals="9" methods="9" coveredmethods="9"/>
          <line num="1" count="1" type="stmt"/>
          <line num="9" count="1" type="stmt"/>
          <line num="10" count="1" type="stmt"/>
          <line num="12" count="15" type="cond" truecount="4" falsecount="0"/>
          <line num="13" count="8" type="stmt"/>
          <line num="14" count="8" type="stmt"/>
          <line num="15" count="7" type="cond" truecount="2" falsecount="0"/>
          <line num="16" count="7" type="cond" truecount="1" falsecount="1"/>
          <line num="17" count="0" type="stmt"/>
          <line num="19" count="7" type="stmt"/>
          <line num="20" count="7" type="stmt"/>
          <line num="21" count="1" type="stmt"/>
          <line num="23" count="2" type="stmt"/>
          <line num="24" count="11" type="stmt"/>
          <line num="25" count="11" type="stmt"/>
          <line num="27" count="5" type="stmt"/>
          <line num="28" count="5" type="stmt"/>
          <line num="29" count="5" type="stmt"/>
          <line num="30" count="5" type="cond" truecount="2" falsecount="0"/>
          <line num="31" count="4" type="stmt"/>
          <line num="34" count="4" type="stmt"/>
        </file>
      </package>
      <package name="src.admin">
        <metrics statements="59" coveredstatements="43" conditionals="6" coveredconditionals="4" methods="19" coveredmethods="8"/>
        <file name="AddItem.tsx" path="/Users/joe/PROJECTS/auctioneer/src/admin/AddItem.tsx">
          <metrics statements="3" coveredstatements="3" conditionals="0" coveredconditionals="0" methods="1" coveredmethods="1"/>
          <line num="1" count="1" type="stmt"/>
          <line num="7" count="1" type="stmt"/>
          <line num="8" count="1" type="stmt"/>
        </file>
        <file name="AdminHeader.tsx" path="/Users/joe/PROJECTS/auctioneer/src/admin/AdminHeader.tsx">
          <metrics statements="3" coveredstatements="3" conditionals="0" coveredconditionals="0" methods="1" coveredmethods="0"/>
          <line num="1" count="1" type="stmt"/>
          <line num="2" count="1" type="stmt"/>
          <line num="4" count="1" type="stmt"/>
        </file>
        <file name="AdminPage.tsx" path="/Users/joe/PROJECTS/auctioneer/src/admin/AdminPage.tsx">
          <metrics statements="7" coveredstatements="7" conditionals="0" coveredconditionals="0" methods="1" coveredmethods="1"/>
          <line num="1" count="1" type="stmt"/>
          <line num="3" count="1" type="stmt"/>
          <line num="4" count="1" type="stmt"/>
          <line num="5" count="1" type="stmt"/>
          <line num="11" count="1" type="stmt"/>
          <line num="13" count="1" type="stmt"/>
          <line num="15" count="1" type="stmt"/>
        </file>
        <file name="ItemEditor.tsx" path="/Users/joe/PROJECTS/auctioneer/src/admin/ItemEditor.tsx">
          <metrics statements="29" coveredstatements="14" conditionals="2" coveredconditionals="2" methods="9" coveredmethods="1"/>
          <line num="1" count="1" type="stmt"/>
          <line num="2" count="1" type="stmt"/>
          <line num="4" count="1" type="stmt"/>
          <line num="5" count="1" type="stmt"/>
          <line num="6" count="1" type="stmt"/>
          <line num="8" count="1" type="cond" truecount="2" falsecount="0"/>
          <line num="9" count="1" type="stmt"/>
          <line num="10" count="1" type="stmt"/>
          <line num="11" count="1" type="stmt"/>
          <line num="24" count="1" type="stmt"/>
          <line num="25" count="0" type="stmt"/>
          <line num="26" count="0" type="stmt"/>
          <line num="27" count="0" type="stmt"/>
          <line num="28" count="0" type="stmt"/>
          <line num="29" count="0" type="stmt"/>
          <line num="30" count="0" type="stmt"/>
          <line num="38" count="0" type="stmt"/>
          <line num="64" count="0" type="stmt"/>
          <line num="70" count="1" type="stmt"/>
          <line num="74" count="1" type="stmt"/>
          <line num="77" count="0" type="stmt"/>
          <line num="78" count="0" type="stmt"/>
          <line num="79" count="0" type="stmt"/>
          <line num="82" count="1" type="stmt"/>
          <line num="83" count="0" type="stmt"/>
          <line num="84" count="0" type="stmt"/>
          <line num="89" count="0" type="stmt"/>
          <line num="90" count="0" type="stmt"/>
          <line num="95" count="1" type="stmt"/>
        </file>
        <file name="Sidebar.tsx" path="/Users/joe/PROJECTS/auctioneer/src/admin/Sidebar.tsx">
          <metrics statements="14" coveredstatements="13" conditionals="2" coveredconditionals="0" methods="6" coveredmethods="4"/>
          <line num="1" count="1" type="stmt"/>
          <line num="2" count="1" type="stmt"/>
          <line num="3" count="1" type="stmt"/>
          <line num="4" count="1" type="stmt"/>
          <line num="5" count="1" type="stmt"/>
          <line num="6" count="1" type="stmt"/>
          <line num="14" count="3" type="stmt"/>
          <line num="16" count="6" type="stmt"/>
          <line num="21" count="1" type="stmt"/>
          <line num="23" count="1" type="stmt"/>
          <line num="27" count="1" type="stmt"/>
          <line num="32" count="1" type="stmt"/>
          <line num="34" count="0" type="cond" truecount="0" falsecount="2"/>
          <line num="38" count="1" type="stmt"/>
        </file>
        <file name="SidebarItem.tsx" path="/Users/joe/PROJECTS/auctioneer/src/admin/SidebarItem.tsx">
          <metrics statements="3" coveredstatements="3" conditionals="2" coveredconditionals="2" methods="1" coveredmethods="1"/>
          <line num="1" count="1" type="stmt"/>
          <line num="10" count="2" type="stmt"/>
          <line num="11" count="2" type="stmt"/>
        </file>
      </package>
      <package name="src.user">
        <metrics statements="74" coveredstatements="71" conditionals="13" coveredconditionals="12" methods="20" coveredmethods="17"/>
        <file name="BidsPage.tsx" path="/Users/joe/PROJECTS/auctioneer/src/user/BidsPage.tsx">
          <metrics statements="8" coveredstatements="8" conditionals="0" coveredconditionals="0" methods="1" coveredmethods="1"/>
          <line num="1" count="1" type="stmt"/>
          <line num="2" count="1" type="stmt"/>
          <line num="3" count="1" type="stmt"/>
          <line num="4" count="1" type="stmt"/>
          <line num="5" count="1" type="stmt"/>
          <line num="14" count="9" type="stmt"/>
          <line num="16" count="9" type="stmt"/>
          <line num="18" count="9" type="stmt"/>
        </file>
        <file name="EmptyListView.tsx" path="/Users/joe/PROJECTS/auctioneer/src/user/EmptyListView.tsx">
          <metrics statements="2" coveredstatements="2" conditionals="0" coveredconditionals="0" methods="1" coveredmethods="1"/>
          <line num="1" count="1" type="stmt"/>
          <line num="3" count="2" type="stmt"/>
        </file>
        <file name="Footer.tsx" path="/Users/joe/PROJECTS/auctioneer/src/user/Footer.tsx">
          <metrics statements="7" coveredstatements="7" conditionals="0" coveredconditionals="0" methods="2" coveredmethods="2"/>
          <line num="1" count="1" type="stmt"/>
          <line num="2" count="1" type="stmt"/>
          <line num="3" count="1" type="stmt"/>
          <line num="4" count="1" type="stmt"/>
          <line num="10" count="8" type="stmt"/>
          <line num="18" count="8" type="stmt"/>
          <line num="20" count="1" type="stmt"/>
        </file>
        <file name="Item.tsx" path="/Users/joe/PROJECTS/auctioneer/src/user/Item.tsx">
          <metrics statements="27" coveredstatements="27" conditionals="6" coveredconditionals="5" methods="5" coveredmethods="4"/>
          <line num="1" count="1" type="stmt"/>
          <line num="2" count="1" type="stmt"/>
          <line num="4" count="1" type="stmt"/>
          <line num="5" count="1" type="stmt"/>
          <line num="15" count="48" type="stmt"/>
          <line num="17" count="48" type="stmt"/>
          <line num="18" count="48" type="stmt"/>
          <line num="19" count="48" type="stmt"/>
          <line num="21" count="48" type="cond" truecount="2" falsecount="0"/>
          <line num="22" count="9" type="stmt"/>
          <line num="23" count="9" type="stmt"/>
          <line num="24" count="9" type="stmt"/>
          <line num="25" count="42" type="cond" truecount="2" falsecount="0"/>
          <line num="26" count="2" type="stmt"/>
          <line num="27" count="2" type="stmt"/>
          <line num="28" count="2" type="stmt"/>
          <line num="31" count="48" type="cond" truecount="1" falsecount="1"/>
          <line num="33" count="48" type="stmt"/>
          <line num="55" count="1" type="stmt"/>
          <line num="60" count="1" type="stmt"/>
          <line num="61" count="31" type="stmt"/>
          <line num="62" count="31" type="stmt"/>
          <line num="63" count="31" type="stmt"/>
          <line num="64" count="2" type="stmt"/>
          <line num="65" count="2" type="stmt"/>
          <line num="68" count="31" type="stmt"/>
          <line num="77" count="1" type="stmt"/>
        </file>
        <file name="List.tsx" path="/Users/joe/PROJECTS/auctioneer/src/user/List.tsx">
          <metrics statements="9" coveredstatements="9" conditionals="4" coveredconditionals="4" methods="4" coveredmethods="4"/>
          <line num="1" count="1" type="stmt"/>
          <line num="2" count="1" type="stmt"/>
          <line num="3" count="1" type="stmt"/>
          <line num="5" count="1" type="stmt"/>
          <line num="13" count="12" type="stmt"/>
          <line num="15" count="12" type="stmt"/>
          <line num="16" count="13" type="cond" truecount="2" falsecount="0"/>
          <line num="19" count="12" type="stmt"/>
          <line num="24" count="37" type="stmt"/>
        </file>
        <file name="Nav.tsx" path="/Users/joe/PROJECTS/auctioneer/src/user/Nav.tsx">
          <metrics statements="5" coveredstatements="5" conditionals="0" coveredconditionals="0" methods="2" coveredmethods="2"/>
          <line num="1" count="1" type="stmt"/>
          <line num="2" count="1" type="stmt"/>
          <line num="4" count="8" type="stmt"/>
          <line num="11" count="1" type="stmt"/>
          <line num="12" count="16" type="stmt"/>
        </file>
        <file name="UserNameForm.tsx" path="/Users/joe/PROJECTS/auctioneer/src/user/UserNameForm.tsx">
          <metrics statements="16" coveredstatements="13" conditionals="3" coveredconditionals="3" methods="5" coveredmethods="3"/>
          <line num="1" count="1" type="stmt"/>
          <line num="3" count="6" type="cond" truecount="3" falsecount="0"/>
          <line num="5" count="6" type="stmt"/>
          <line num="6" count="6" type="stmt"/>
          <line num="10" count="6" type="stmt"/>
          <line num="11" count="2" type="stmt"/>
          <line num="12" count="2" type="stmt"/>
          <line num="13" count="2" type="stmt"/>
          <line num="16" count="6" type="stmt"/>
          <line num="17" count="0" type="stmt"/>
          <line num="18" count="0" type="stmt"/>
          <line num="21" count="6" type="stmt"/>
          <line num="22" count="0" type="stmt"/>
          <line num="25" count="1" type="stmt"/>
          <line num="26" count="10" type="stmt"/>
          <line num="40" count="1" type="stmt"/>
        </file>
      </package>
    </metrics>
  </project>
</coverage>
