{"/Users/joe/PROJECTS/auctioneer/server/serverFactory.js": {"path":"/Users/joe/PROJECTS/auctioneer/server/serverFactory.js","statementMap":{"0":{"start":{"line":1,"column":0},"end":{"line":96,"column":1}},"1":{"start":{"line":1,"column":11},"end":{"line":1,"column":24}},"2":{"start":{"line":2,"column":11},"end":{"line":2,"column":24}},"3":{"start":{"line":3,"column":13},"end":{"line":3,"column":28}},"4":{"start":{"line":4,"column":13},"end":{"line":4,"column":28}},"5":{"start":{"line":5,"column":16},"end":{"line":5,"column":34}},"6":{"start":{"line":6,"column":19},"end":{"line":6,"column":41}},"7":{"start":{"line":7,"column":17},"end":{"line":7,"column":44}},"8":{"start":{"line":8,"column":12},"end":{"line":8,"column":21}},"9":{"start":{"line":10,"column":21},"end":{"line":82,"column":1}},"10":{"start":{"line":12,"column":4},"end":{"line":12,"column":31}},"11":{"start":{"line":13,"column":4},"end":{"line":13,"column":57}},"12":{"start":{"line":15,"column":10},"end":{"line":15,"column":57}},"13":{"start":{"line":16,"column":8},"end":{"line":16,"column":27}},"14":{"start":{"line":18,"column":4},"end":{"line":20,"column":7}},"15":{"start":{"line":19,"column":8},"end":{"line":19,"column":30}},"16":{"start":{"line":24,"column":4},"end":{"line":26,"column":7}},"17":{"start":{"line":25,"column":8},"end":{"line":25,"column":60}},"18":{"start":{"line":29,"column":4},"end":{"line":37,"column":7}},"19":{"start":{"line":31,"column":33},"end":{"line":31,"column":66}},"20":{"start":{"line":31,"column":18},"end":{"line":31,"column":66}},"21":{"start":{"line":32,"column":12},"end":{"line":32,"column":51}},"22":{"start":{"line":34,"column":12},"end":{"line":34,"column":60}},"23":{"start":{"line":36,"column":8},"end":{"line":36,"column":42}},"24":{"start":{"line":39,"column":4},"end":{"line":59,"column":7}},"25":{"start":{"line":40,"column":21},"end":{"line":40,"column":46}},"26":{"start":{"line":41,"column":19},"end":{"line":41,"column":40}},"27":{"start":{"line":43,"column":8},"end":{"line":58,"column":9}},"28":{"start":{"line":44,"column":12},"end":{"line":46,"column":13}},"29":{"start":{"line":45,"column":16},"end":{"line":45,"column":50}},"30":{"start":{"line":47,"column":12},"end":{"line":51,"column":13}},"31":{"start":{"line":47,"column":42},"end":{"line":47,"column":56}},"32":{"start":{"line":48,"column":16},"end":{"line":48,"column":39}},"33":{"start":{"line":50,"column":16},"end":{"line":50,"column":86}},"34":{"start":{"line":50,"column":54},"end":{"line":50,"column":84}},"35":{"start":{"line":54,"column":12},"end":{"line":54,"column":75}},"36":{"start":{"line":54,"column":58},"end":{"line":54,"column":72}},"37":{"start":{"line":57,"column":12},"end":{"line":57,"column":38}},"38":{"start":{"line":61,"column":4},"end":{"line":66,"column":7}},"39":{"start":{"line":62,"column":27},"end":{"line":62,"column":48}},"40":{"start":{"line":63,"column":8},"end":{"line":63,"column":73}},"41":{"start":{"line":63,"column":49},"end":{"line":63,"column":71}},"42":{"start":{"line":65,"column":8},"end":{"line":65,"column":58}},"43":{"start":{"line":68,"column":4},"end":{"line":68,"column":23}},"44":{"start":{"line":71,"column":29},"end":{"line":71,"column":62}},"45":{"start":{"line":71,"column":14},"end":{"line":71,"column":62}},"46":{"start":{"line":72,"column":8},"end":{"line":72,"column":47}},"47":{"start":{"line":74,"column":14},"end":{"line":76,"column":11}},"48":{"start":{"line":75,"column":12},"end":{"line":75,"column":56}},"49":{"start":{"line":78,"column":8},"end":{"line":78,"column":22}},"50":{"start":{"line":80,"column":8},"end":{"line":80,"column":27}},"51":{"start":{"line":85,"column":19},"end":{"line":85,"column":41}},"52":{"start":{"line":86,"column":19},"end":{"line":86,"column":38}},"53":{"start":{"line":87,"column":15},"end":{"line":90,"column":10}},"54":{"start":{"line":88,"column":23},"end":{"line":88,"column":86}},"55":{"start":{"line":88,"column":51},"end":{"line":88,"column":85}},"56":{"start":{"line":89,"column":8},"end":{"line":89,"column":47}},"57":{"start":{"line":91,"column":4},"end":{"line":91,"column":61}},"58":{"start":{"line":94,"column":0},"end":{"line":96,"column":2}}},"fnMap":{"0":{"name":"(anonymous_12)","decl":{"start":{"line":10,"column":21},"end":{"line":10,"column":27}},"loc":{"start":{"line":10,"column":38},"end":{"line":82,"column":1}}},"1":{"name":"(anonymous_15)","decl":{"start":{"line":18,"column":21},"end":{"line":18,"column":21}},"loc":{"start":{"line":18,"column":30},"end":{"line":20,"column":5}}},"2":{"name":"(anonymous_16)","decl":{"start":{"line":24,"column":18},"end":{"line":24,"column":18}},"loc":{"start":{"line":24,"column":27},"end":{"line":26,"column":5}}},"3":{"name":"(anonymous_17)","decl":{"start":{"line":29,"column":22},"end":{"line":29,"column":28}},"loc":{"start":{"line":29,"column":37},"end":{"line":37,"column":5}}},"4":{"name":"(anonymous_20)","decl":{"start":{"line":39,"column":25},"end":{"line":39,"column":25}},"loc":{"start":{"line":39,"column":34},"end":{"line":59,"column":5}}},"5":{"name":"(anonymous_21)","decl":{"start":{"line":47,"column":34},"end":{"line":47,"column":33}},"loc":{"start":{"line":47,"column":38},"end":{"line":47,"column":56}}},"6":{"name":"(anonymous_22)","decl":{"start":{"line":50,"column":46},"end":{"line":50,"column":45}},"loc":{"start":{"line":50,"column":50},"end":{"line":50,"column":84}}},"7":{"name":"(anonymous_23)","decl":{"start":{"line":54,"column":50},"end":{"line":54,"column":49}},"loc":{"start":{"line":54,"column":54},"end":{"line":54,"column":72}}},"8":{"name":"(anonymous_24)","decl":{"start":{"line":61,"column":28},"end":{"line":61,"column":28}},"loc":{"start":{"line":61,"column":37},"end":{"line":66,"column":5}}},"9":{"name":"(anonymous_25)","decl":{"start":{"line":63,"column":41},"end":{"line":63,"column":40}},"loc":{"start":{"line":63,"column":45},"end":{"line":63,"column":71}}},"10":{"name":"(anonymous_26)","decl":{"start":{"line":74,"column":40},"end":{"line":null,"column":-1}},"loc":{"start":{"line":74,"column":40},"end":{"line":76,"column":9}}},"11":{"name":"logIPAddress","decl":{"start":{"line":84,"column":0},"end":{"line":84,"column":21}},"loc":{"start":{"line":84,"column":26},"end":{"line":92,"column":1}}},"12":{"name":"(anonymous_28)","decl":{"start":{"line":87,"column":29},"end":{"line":87,"column":29}},"loc":{"start":{"line":87,"column":41},"end":{"line":90,"column":5}}},"13":{"name":"(anonymous_29)","decl":{"start":{"line":88,"column":41},"end":{"line":88,"column":40}},"loc":{"start":{"line":88,"column":47},"end":{"line":88,"column":85}}}},"branchMap":{"0":{"loc":{"start":{"line":44,"column":12},"end":{"line":46,"column":13}},"type":"if","locations":[{"start":{"line":44,"column":12},"end":{"line":46,"column":13}},{"start":{"line":44,"column":12},"end":{"line":46,"column":13}}]},"1":{"loc":{"start":{"line":47,"column":12},"end":{"line":51,"column":13}},"type":"if","locations":[{"start":{"line":47,"column":12},"end":{"line":51,"column":13}},{"start":{"line":47,"column":12},"end":{"line":51,"column":13}}]},"2":{"loc":{"start":{"line":50,"column":73},"end":{"line":50,"column":77}},"type":"cond-expr","locations":[{"start":{"line":50,"column":73},"end":{"line":50,"column":77}},{"start":{"line":50,"column":80},"end":{"line":50,"column":84}}]},"3":{"loc":{"start":{"line":89,"column":24},"end":{"line":89,"column":38}},"type":"cond-expr","locations":[{"start":{"line":89,"column":24},"end":{"line":89,"column":38}},{"start":{"line":89,"column":41},"end":{"line":89,"column":46}}]}},"s":{"0":1,"1":1,"2":1,"3":1,"4":1,"5":1,"6":1,"7":1,"8":1,"9":1,"10":1,"11":1,"12":1,"13":1,"14":1,"15":11,"16":1,"17":1,"18":1,"19":12,"20":12,"21":12,"22":0,"23":12,"24":1,"25":3,"26":3,"27":3,"28":3,"29":2,"30":1,"31":4,"32":1,"33":0,"34":0,"35":1,"36":5,"37":2,"38":1,"39":3,"40":3,"41":12,"42":3,"43":1,"44":1,"45":1,"46":1,"47":1,"48":1,"49":1,"50":0,"51":1,"52":1,"53":1,"54":5,"55":8,"56":5,"57":1,"58":1},"f":{"0":1,"1":11,"2":1,"3":12,"4":3,"5":4,"6":0,"7":5,"8":3,"9":12,"10":1,"11":1,"12":5,"13":8},"b":{"0":[2,1],"1":[1,0],"2":[0,0],"3":[1,4]}}
,"/Users/joe/PROJECTS/auctioneer/src/App.tsx": {"path":"/Users/joe/PROJECTS/auctioneer/src/App.tsx","statementMap":{"0":{"start":{"line":1,"column":0},"end":{"line":1,"column":30}},"1":{"start":{"line":2,"column":0},"end":{"line":2,"column":25}},"2":{"start":{"line":3,"column":0},"end":{"line":3,"column":37}},"3":{"start":{"line":4,"column":0},"end":{"line":4,"column":73}},"4":{"start":{"line":6,"column":0},"end":{"line":6,"column":33}},"5":{"start":{"line":7,"column":0},"end":{"line":7,"column":42}},"6":{"start":{"line":8,"column":0},"end":{"line":8,"column":52}},"7":{"start":{"line":9,"column":0},"end":{"line":9,"column":45}},"8":{"start":{"line":10,"column":0},"end":{"line":10,"column":63}},"9":{"start":{"line":11,"column":0},"end":{"line":11,"column":86}},"10":{"start":{"line":22,"column":0},"end":{"line":22,"column":40}},"11":{"start":{"line":22,"column":25},"end":{"line":22,"column":47}},"12":{"start":{"line":30,"column":8},"end":{"line":30,"column":20}},"13":{"start":{"line":31,"column":25},"end":{"line":31,"column":103}},"14":{"start":{"line":32,"column":8},"end":{"line":32,"column":53}},"15":{"start":{"line":35,"column":10},"end":{"line":38,"column":5}},"16":{"start":{"line":37,"column":8},"end":{"line":37,"column":60}},"17":{"start":{"line":40,"column":4},"end":{"line":42,"column":5}},"18":{"start":{"line":41,"column":8},"end":{"line":41,"column":33}},"19":{"start":{"line":44,"column":4},"end":{"line":46,"column":5}},"20":{"start":{"line":45,"column":8},"end":{"line":45,"column":33}},"21":{"start":{"line":48,"column":4},"end":{"line":71,"column":5}},"22":{"start":{"line":48,"column":4},"end":{"line":71,"column":4}},"23":{"start":{"line":49,"column":14},"end":{"line":49,"column":68}},"24":{"start":{"line":49,"column":16},"end":{"line":49,"column":21}},"25":{"start":{"line":49,"column":23},"end":{"line":49,"column":31}},"26":{"start":{"line":49,"column":33},"end":{"line":49,"column":45}},"27":{"start":{"line":49,"column":47},"end":{"line":49,"column":53}},"28":{"start":{"line":51,"column":8},"end":{"line":53,"column":9}},"29":{"start":{"line":52,"column":12},"end":{"line":52,"column":26}},"30":{"start":{"line":55,"column":8},"end":{"line":70,"column":14}},"31":{"start":{"line":61,"column":28},"end":{"line":61,"column":68}},"32":{"start":{"line":62,"column":50},"end":{"line":62,"column":58}},"33":{"start":{"line":63,"column":28},"end":{"line":67,"column":73}},"34":{"start":{"line":24,"column":11},"end":{"line":27,"column":5}},"35":{"start":{"line":72,"column":0},"end":{"line":72,"column":1}},"36":{"start":{"line":22,"column":13},"end":{"line":22,"column":16}},"37":{"start":{"line":74,"column":24},"end":{"line":78,"column":2}},"38":{"start":{"line":74,"column":33},"end":{"line":78,"column":2}},"39":{"start":{"line":80,"column":27},"end":{"line":82,"column":1}},"40":{"start":{"line":81,"column":28},"end":{"line":81,"column":80}},"41":{"start":{"line":84,"column":0},"end":{"line":84,"column":65}}},"fnMap":{"0":{"name":"(anonymous_17)","decl":{"start":{"line":22,"column":0},"end":{"line":null,"column":-1}},"loc":{"start":{"line":22,"column":0},"end":{"line":22,"column":-1}}},"1":{"name":"App","decl":{"start":{"line":29,"column":4},"end":{"line":29,"column":15}},"loc":{"start":{"line":29,"column":21},"end":{"line":33,"column":5}}},"2":{"name":"(anonymous_19)","decl":{"start":{"line":35,"column":4},"end":{"line":null,"column":-1}},"loc":{"start":{"line":35,"column":4},"end":{"line":38,"column":5}}},"3":{"name":"(anonymous_22)","decl":{"start":{"line":40,"column":4},"end":{"line":null,"column":-1}},"loc":{"start":{"line":40,"column":4},"end":{"line":42,"column":5}}},"4":{"name":"(anonymous_23)","decl":{"start":{"line":44,"column":4},"end":{"line":44,"column":21}},"loc":{"start":{"line":44,"column":31},"end":{"line":46,"column":5}}},"5":{"name":"(anonymous_24)","decl":{"start":{"line":48,"column":4},"end":{"line":null,"column":-1}},"loc":{"start":{"line":48,"column":4},"end":{"line":71,"column":5}}},"6":{"name":"(anonymous_25)","decl":{"start":{"line":60,"column":59},"end":{"line":null,"column":-1}},"loc":{"start":{"line":60,"column":59},"end":{"line":61,"column":68}}},"7":{"name":"(anonymous_26)","decl":{"start":{"line":62,"column":48},"end":{"line":62,"column":48}},"loc":{"start":{"line":62,"column":59},"end":{"line":67,"column":73}}},"8":{"name":"(anonymous_27)","decl":{"start":{"line":74,"column":24},"end":{"line":74,"column":23}},"loc":{"start":{"line":74,"column":29},"end":{"line":78,"column":2}}},"9":{"name":"(anonymous_28)","decl":{"start":{"line":81,"column":22},"end":{"line":81,"column":27}},"loc":{"start":{"line":81,"column":22},"end":{"line":81,"column":80}}}},"branchMap":{"0":{"loc":{"start":{"line":30,"column":8},"end":{"line":30,"column":20}},"type":"binary-expr","locations":[{"start":{"line":30,"column":8},"end":{"line":30,"column":20}},{"start":{"line":30,"column":20},"end":{"line":33,"column":4}}]},"1":{"loc":{"start":{"line":31,"column":25},"end":{"line":31,"column":59}},"type":"binary-expr","locations":[{"start":{"line":31,"column":25},"end":{"line":31,"column":59}},{"start":{"line":31,"column":63},"end":{"line":31,"column":103}}]},"2":{"loc":{"start":{"line":51,"column":8},"end":{"line":53,"column":9}},"type":"if","locations":[{"start":{"line":51,"column":8},"end":{"line":53,"column":9}},{"start":{"line":51,"column":8},"end":{"line":53,"column":9}}]},"3":{"loc":{"start":{"line":55,"column":27},"end":{"line":55,"column":48}},"type":"cond-expr","locations":[{"start":{"line":55,"column":27},"end":{"line":55,"column":48}},{"start":{"line":56,"column":14},"end":{"line":70,"column":13}}]},"4":{"loc":{"start":{"line":56,"column":22},"end":{"line":56,"column":63}},"type":"cond-expr","locations":[{"start":{"line":56,"column":22},"end":{"line":56,"column":63}},{"start":{"line":58,"column":16},"end":{"line":69,"column":25}}]}},"s":{"0":1,"1":1,"2":1,"3":1,"4":1,"5":1,"6":1,"7":1,"8":1,"9":1,"10":1,"11":1,"12":6,"13":6,"14":6,"15":1,"16":6,"17":1,"18":5,"19":1,"20":0,"21":1,"22":14,"23":14,"24":14,"25":14,"26":14,"27":14,"28":14,"29":0,"30":14,"31":0,"32":8,"33":8,"34":1,"35":1,"36":1,"37":1,"38":14,"39":1,"40":6,"41":1},"f":{"0":1,"1":6,"2":6,"3":5,"4":0,"5":14,"6":0,"7":8,"8":14,"9":6},"b":{"0":[6,6],"1":[6,1],"2":[0,14],"3":[6,8],"4":[0,8]}}
,"/Users/joe/PROJECTS/auctioneer/src/Poller.ts": {"path":"/Users/joe/PROJECTS/auctioneer/src/Poller.ts","statementMap":{"0":{"start":{"line":1,"column":0},"end":{"line":27,"column":0}},"1":{"start":{"line":3,"column":11},"end":{"line":3,"column":29}},"2":{"start":{"line":4,"column":12},"end":{"line":4,"column":28}},"3":{"start":{"line":5,"column":12},"end":{"line":5,"column":39}},"4":{"start":{"line":7,"column":4},"end":{"line":10,"column":5}},"5":{"start":{"line":8,"column":8},"end":{"line":8,"column":25}},"6":{"start":{"line":9,"column":8},"end":{"line":9,"column":21}},"7":{"start":{"line":12,"column":10},"end":{"line":21,"column":5}},"8":{"start":{"line":13,"column":8},"end":{"line":15,"column":9}},"9":{"start":{"line":14,"column":12},"end":{"line":14,"column":19}},"10":{"start":{"line":16,"column":8},"end":{"line":16,"column":30}},"11":{"start":{"line":17,"column":8},"end":{"line":17,"column":20}},"12":{"start":{"line":18,"column":8},"end":{"line":20,"column":17}},"13":{"start":{"line":19,"column":12},"end":{"line":19,"column":24}},"14":{"start":{"line":23,"column":4},"end":{"line":26,"column":5}},"15":{"start":{"line":24,"column":8},"end":{"line":24,"column":37}},"16":{"start":{"line":25,"column":8},"end":{"line":25,"column":31}},"17":{"start":{"line":27,"column":0},"end":{"line":27,"column":1}},"18":{"start":{"line":1,"column":13},"end":{"line":1,"column":19}}},"fnMap":{"0":{"name":"(anonymous_12)","decl":{"start":{"line":1,"column":0},"end":{"line":null,"column":-1}},"loc":{"start":{"line":1,"column":0},"end":{"line":1,"column":-1}}},"1":{"name":"(anonymous_14)","decl":{"start":{"line":5,"column":30},"end":{"line":5,"column":36}},"loc":{"start":{"line":5,"column":30},"end":{"line":5,"column":38}}},"2":{"name":"(anonymous_15)","decl":{"start":{"line":7,"column":4},"end":{"line":7,"column":8}},"loc":{"start":{"line":7,"column":13},"end":{"line":10,"column":5}}},"3":{"name":"(anonymous_16)","decl":{"start":{"line":12,"column":4},"end":{"line":null,"column":-1}},"loc":{"start":{"line":12,"column":4},"end":{"line":21,"column":5}}},"4":{"name":"(anonymous_19)","decl":{"start":{"line":18,"column":36},"end":{"line":null,"column":-1}},"loc":{"start":{"line":18,"column":36},"end":{"line":20,"column":9}}},"5":{"name":"(anonymous_20)","decl":{"start":{"line":23,"column":4},"end":{"line":null,"column":-1}},"loc":{"start":{"line":23,"column":4},"end":{"line":26,"column":5}}}},"branchMap":{"0":{"loc":{"start":{"line":13,"column":8},"end":{"line":15,"column":9}},"type":"if","locations":[{"start":{"line":13,"column":8},"end":{"line":15,"column":9}},{"start":{"line":13,"column":8},"end":{"line":15,"column":9}}]}},"s":{"0":1,"1":4,"2":4,"3":4,"4":1,"5":7,"6":7,"7":1,"8":16,"9":8,"10":8,"11":8,"12":8,"13":0,"14":1,"15":6,"16":6,"17":1,"18":1},"f":{"0":5,"1":1,"2":7,"3":16,"4":0,"5":6},"b":{"0":[8,8]}}
,"/Users/joe/PROJECTS/auctioneer/src/reducers.ts": {"path":"/Users/joe/PROJECTS/auctioneer/src/reducers.ts","statementMap":{"0":{"start":{"line":1,"column":0},"end":{"line":1,"column":72}},"1":{"start":{"line":26,"column":13},"end":{"line":26,"column":31}},"2":{"start":{"line":28,"column":13},"end":{"line":28,"column":61}},"3":{"start":{"line":29,"column":13},"end":{"line":29,"column":57}},"4":{"start":{"line":31,"column":13},"end":{"line":31,"column":37}},"5":{"start":{"line":32,"column":13},"end":{"line":32,"column":55}},"6":{"start":{"line":34,"column":13},"end":{"line":34,"column":35}},"7":{"start":{"line":35,"column":13},"end":{"line":35,"column":43}},"8":{"start":{"line":36,"column":13},"end":{"line":36,"column":57}},"9":{"start":{"line":37,"column":13},"end":{"line":37,"column":43}},"10":{"start":{"line":39,"column":33},"end":{"line":45,"column":1}},"11":{"start":{"line":47,"column":13},"end":{"line":72,"column":1}},"12":{"start":{"line":47,"column":29},"end":{"line":47,"column":49}},"13":{"start":{"line":48,"column":4},"end":{"line":71,"column":5}},"14":{"start":{"line":50,"column":20},"end":{"line":50,"column":35}},"15":{"start":{"line":51,"column":33},"end":{"line":56,"column":41}},"16":{"start":{"line":53,"column":36},"end":{"line":53,"column":62}},"17":{"start":{"line":54,"column":36},"end":{"line":54,"column":78}},"18":{"start":{"line":55,"column":16},"end":{"line":55,"column":46}},"19":{"start":{"line":57,"column":41},"end":{"line":57,"column":84}},"20":{"start":{"line":58,"column":12},"end":{"line":58,"column":94}},"21":{"start":{"line":60,"column":12},"end":{"line":60,"column":67}},"22":{"start":{"line":62,"column":12},"end":{"line":62,"column":64}},"23":{"start":{"line":68,"column":12},"end":{"line":68,"column":39}},"24":{"start":{"line":70,"column":12},"end":{"line":70,"column":25}},"25":{"start":{"line":74,"column":13},"end":{"line":136,"column":1}},"26":{"start":{"line":75,"column":12},"end":{"line":75,"column":20}},"27":{"start":{"line":75,"column":22},"end":{"line":75,"column":28}},"28":{"start":{"line":76,"column":12},"end":{"line":76,"column":24}},"29":{"start":{"line":76,"column":26},"end":{"line":76,"column":38}},"30":{"start":{"line":78,"column":17},"end":{"line":78,"column":62}},"31":{"start":{"line":79,"column":4},"end":{"line":135,"column":5}},"32":{"start":{"line":81,"column":12},"end":{"line":83,"column":13}},"33":{"start":{"line":82,"column":16},"end":{"line":82,"column":65}},"34":{"start":{"line":84,"column":31},"end":{"line":84,"column":74}},"35":{"start":{"line":85,"column":29},"end":{"line":85,"column":77}},"36":{"start":{"line":86,"column":33},"end":{"line":86,"column":103}},"37":{"start":{"line":86,"column":58},"end":{"line":86,"column":102}},"38":{"start":{"line":87,"column":30},"end":{"line":87,"column":66}},"39":{"start":{"line":88,"column":12},"end":{"line":92,"column":14}},"40":{"start":{"line":94,"column":12},"end":{"line":96,"column":13}},"41":{"start":{"line":95,"column":16},"end":{"line":95,"column":65}},"42":{"start":{"line":97,"column":32},"end":{"line":97,"column":49}},"43":{"start":{"line":98,"column":44},"end":{"line":98,"column":121}},"44":{"start":{"line":98,"column":69},"end":{"line":98,"column":120}},"45":{"start":{"line":99,"column":12},"end":{"line":102,"column":14}},"46":{"start":{"line":104,"column":20},"end":{"line":104,"column":33}},"47":{"start":{"line":105,"column":37},"end":{"line":105,"column":91}},"48":{"start":{"line":105,"column":65},"end":{"line":105,"column":90}},"49":{"start":{"line":106,"column":41},"end":{"line":106,"column":110}},"50":{"start":{"line":107,"column":36},"end":{"line":107,"column":128}},"51":{"start":{"line":108,"column":12},"end":{"line":112,"column":14}},"52":{"start":{"line":114,"column":28},"end":{"line":114,"column":62}},"53":{"start":{"line":115,"column":44},"end":{"line":115,"column":66}},"54":{"start":{"line":116,"column":12},"end":{"line":120,"column":14}},"55":{"start":{"line":122,"column":20},"end":{"line":122,"column":23}},"56":{"start":{"line":122,"column":25},"end":{"line":122,"column":30}},"57":{"start":{"line":123,"column":41},"end":{"line":133,"column":14}},"58":{"start":{"line":124,"column":16},"end":{"line":131,"column":17}},"59":{"start":{"line":125,"column":20},"end":{"line":129,"column":21}},"60":{"start":{"line":126,"column":47},"end":{"line":127,"column":89}},"61":{"start":{"line":127,"column":28},"end":{"line":127,"column":88}},"62":{"start":{"line":128,"column":24},"end":{"line":128,"column":64}},"63":{"start":{"line":130,"column":20},"end":{"line":130,"column":52}},"64":{"start":{"line":132,"column":16},"end":{"line":132,"column":28}},"65":{"start":{"line":134,"column":12},"end":{"line":134,"column":68}},"66":{"start":{"line":138,"column":13},"end":{"line":138,"column":48}},"67":{"start":{"line":138,"column":36},"end":{"line":138,"column":47}},"68":{"start":{"line":139,"column":13},"end":{"line":139,"column":54}},"69":{"start":{"line":139,"column":39},"end":{"line":139,"column":53}},"70":{"start":{"line":140,"column":13},"end":{"line":140,"column":56}},"71":{"start":{"line":140,"column":40},"end":{"line":140,"column":55}},"72":{"start":{"line":141,"column":13},"end":{"line":141,"column":62}},"73":{"start":{"line":141,"column":43},"end":{"line":141,"column":61}},"74":{"start":{"line":142,"column":13},"end":{"line":142,"column":62}},"75":{"start":{"line":142,"column":43},"end":{"line":142,"column":61}},"76":{"start":{"line":144,"column":13},"end":{"line":144,"column":95}},"77":{"start":{"line":144,"column":42},"end":{"line":144,"column":94}},"78":{"start":{"line":145,"column":13},"end":{"line":145,"column":101}},"79":{"start":{"line":145,"column":45},"end":{"line":145,"column":100}},"80":{"start":{"line":145,"column":78},"end":{"line":145,"column":80}},"81":{"start":{"line":145,"column":86},"end":{"line":145,"column":99}},"82":{"start":{"line":146,"column":13},"end":{"line":146,"column":80}},"83":{"start":{"line":146,"column":49},"end":{"line":146,"column":79}},"84":{"start":{"line":147,"column":13},"end":{"line":147,"column":95}},"85":{"start":{"line":147,"column":52},"end":{"line":147,"column":94}},"86":{"start":{"line":148,"column":13},"end":{"line":148,"column":76}},"87":{"start":{"line":148,"column":47},"end":{"line":148,"column":75}}},"fnMap":{"0":{"name":"(anonymous_1)","decl":{"start":{"line":47,"column":28},"end":{"line":47,"column":28}},"loc":{"start":{"line":47,"column":57},"end":{"line":72,"column":1}}},"1":{"name":"(anonymous_2)","decl":{"start":{"line":51,"column":78},"end":{"line":51,"column":78}},"loc":{"start":{"line":51,"column":83},"end":{"line":56,"column":13}}},"2":{"name":"(anonymous_3)","decl":{"start":{"line":74,"column":13},"end":{"line":74,"column":13}},"loc":{"start":{"line":74,"column":44},"end":{"line":136,"column":1}}},"3":{"name":"(anonymous_4)","decl":{"start":{"line":86,"column":50},"end":{"line":86,"column":49}},"loc":{"start":{"line":86,"column":54},"end":{"line":86,"column":102}}},"4":{"name":"(anonymous_5)","decl":{"start":{"line":98,"column":61},"end":{"line":98,"column":60}},"loc":{"start":{"line":98,"column":65},"end":{"line":98,"column":120}}},"5":{"name":"(anonymous_6)","decl":{"start":{"line":105,"column":57},"end":{"line":105,"column":56}},"loc":{"start":{"line":105,"column":61},"end":{"line":105,"column":90}}},"6":{"name":"(anonymous_7)","decl":{"start":{"line":123,"column":58},"end":{"line":123,"column":58}},"loc":{"start":{"line":123,"column":70},"end":{"line":133,"column":13}}},"7":{"name":"(anonymous_8)","decl":{"start":{"line":126,"column":61},"end":{"line":126,"column":60}},"loc":{"start":{"line":126,"column":64},"end":{"line":127,"column":88}}},"8":{"name":"(anonymous_9)","decl":{"start":{"line":138,"column":27},"end":{"line":138,"column":26}},"loc":{"start":{"line":138,"column":32},"end":{"line":138,"column":47}}},"9":{"name":"(anonymous_10)","decl":{"start":{"line":139,"column":30},"end":{"line":139,"column":29}},"loc":{"start":{"line":139,"column":35},"end":{"line":139,"column":53}}},"10":{"name":"(anonymous_11)","decl":{"start":{"line":140,"column":31},"end":{"line":140,"column":30}},"loc":{"start":{"line":140,"column":36},"end":{"line":140,"column":55}}},"11":{"name":"(anonymous_12)","decl":{"start":{"line":141,"column":34},"end":{"line":141,"column":33}},"loc":{"start":{"line":141,"column":39},"end":{"line":141,"column":61}}},"12":{"name":"(anonymous_13)","decl":{"start":{"line":142,"column":34},"end":{"line":142,"column":33}},"loc":{"start":{"line":142,"column":39},"end":{"line":142,"column":61}}},"13":{"name":"(anonymous_14)","decl":{"start":{"line":144,"column":33},"end":{"line":144,"column":32}},"loc":{"start":{"line":144,"column":38},"end":{"line":144,"column":94}}},"14":{"name":"(anonymous_15)","decl":{"start":{"line":145,"column":26},"end":{"line":145,"column":26}},"loc":{"start":{"line":145,"column":40},"end":{"line":145,"column":100}}},"15":{"name":"(anonymous_16)","decl":{"start":{"line":145,"column":76},"end":{"line":145,"column":76}},"loc":{"start":{"line":145,"column":81},"end":{"line":145,"column":99}}},"16":{"name":"(anonymous_17)","decl":{"start":{"line":146,"column":30},"end":{"line":146,"column":30}},"loc":{"start":{"line":146,"column":44},"end":{"line":146,"column":79}}},"17":{"name":"(anonymous_18)","decl":{"start":{"line":147,"column":33},"end":{"line":147,"column":33}},"loc":{"start":{"line":147,"column":47},"end":{"line":147,"column":94}}},"18":{"name":"(anonymous_19)","decl":{"start":{"line":148,"column":28},"end":{"line":148,"column":28}},"loc":{"start":{"line":148,"column":42},"end":{"line":148,"column":75}}}},"branchMap":{"0":{"loc":{"start":{"line":47,"column":29},"end":{"line":47,"column":49}},"type":"if","locations":[{"start":{"line":47,"column":29},"end":{"line":47,"column":49}},{"start":{"line":47,"column":29},"end":{"line":47,"column":49}}]},"1":{"loc":{"start":{"line":49,"column":8},"end":{"line":58,"column":94}},"type":"switch","locations":[{"start":{"line":49,"column":8},"end":{"line":58,"column":94}},{"start":{"line":59,"column":8},"end":{"line":60,"column":67}},{"start":{"line":61,"column":8},"end":{"line":62,"column":64}},{"start":{"line":63,"column":8},"end":{"line":63,"column":22}},{"start":{"line":64,"column":8},"end":{"line":64,"column":23}},{"start":{"line":65,"column":8},"end":{"line":65,"column":26}},{"start":{"line":66,"column":8},"end":{"line":66,"column":33}},{"start":{"line":67,"column":8},"end":{"line":68,"column":39}},{"start":{"line":69,"column":8},"end":{"line":70,"column":25}}]},"2":{"loc":{"start":{"line":51,"column":58},"end":{"line":56,"column":14}},"type":"cond-expr","locations":[{"start":{"line":51,"column":58},"end":{"line":56,"column":14}},{"start":{"line":56,"column":17},"end":{"line":56,"column":41}}]},"3":{"loc":{"start":{"line":54,"column":39},"end":{"line":54,"column":50}},"type":"binary-expr","locations":[{"start":{"line":54,"column":39},"end":{"line":54,"column":50}},{"start":{"line":54,"column":54},"end":{"line":54,"column":77}}]},"4":{"loc":{"start":{"line":78,"column":18},"end":{"line":78,"column":32}},"type":"binary-expr","locations":[{"start":{"line":78,"column":18},"end":{"line":78,"column":32}},{"start":{"line":78,"column":37},"end":{"line":78,"column":62}}]},"5":{"loc":{"start":{"line":80,"column":8},"end":{"line":92,"column":14}},"type":"switch","locations":[{"start":{"line":80,"column":8},"end":{"line":92,"column":14}},{"start":{"line":93,"column":8},"end":{"line":102,"column":14}},{"start":{"line":103,"column":8},"end":{"line":112,"column":14}},{"start":{"line":113,"column":8},"end":{"line":120,"column":14}},{"start":{"line":121,"column":8},"end":{"line":134,"column":68}}]},"6":{"loc":{"start":{"line":81,"column":12},"end":{"line":83,"column":13}},"type":"if","locations":[{"start":{"line":81,"column":12},"end":{"line":83,"column":13}},{"start":{"line":81,"column":12},"end":{"line":83,"column":13}}]},"7":{"loc":{"start":{"line":86,"column":78},"end":{"line":86,"column":94}},"type":"cond-expr","locations":[{"start":{"line":86,"column":78},"end":{"line":86,"column":94}},{"start":{"line":86,"column":98},"end":{"line":86,"column":102}}]},"8":{"loc":{"start":{"line":94,"column":12},"end":{"line":96,"column":13}},"type":"if","locations":[{"start":{"line":94,"column":12},"end":{"line":96,"column":13}},{"start":{"line":94,"column":12},"end":{"line":96,"column":13}}]},"9":{"loc":{"start":{"line":98,"column":89},"end":{"line":98,"column":112}},"type":"cond-expr","locations":[{"start":{"line":98,"column":89},"end":{"line":98,"column":112}},{"start":{"line":98,"column":116},"end":{"line":98,"column":120}}]},"10":{"loc":{"start":{"line":106,"column":67},"end":{"line":106,"column":83}},"type":"cond-expr","locations":[{"start":{"line":106,"column":67},"end":{"line":106,"column":83}},{"start":{"line":106,"column":86},"end":{"line":106,"column":110}}]},"11":{"loc":{"start":{"line":107,"column":82},"end":{"line":107,"column":113}},"type":"cond-expr","locations":[{"start":{"line":107,"column":82},"end":{"line":107,"column":113}},{"start":{"line":107,"column":116},"end":{"line":107,"column":128}}]},"12":{"loc":{"start":{"line":124,"column":16},"end":{"line":131,"column":17}},"type":"if","locations":[{"start":{"line":124,"column":16},"end":{"line":131,"column":17}},{"start":{"line":124,"column":16},"end":{"line":131,"column":17}}]},"13":{"loc":{"start":{"line":125,"column":20},"end":{"line":129,"column":21}},"type":"if","locations":[{"start":{"line":125,"column":20},"end":{"line":129,"column":21}},{"start":{"line":125,"column":20},"end":{"line":129,"column":21}}]},"14":{"loc":{"start":{"line":127,"column":48},"end":{"line":127,"column":81}},"type":"cond-expr","locations":[{"start":{"line":127,"column":48},"end":{"line":127,"column":81}},{"start":{"line":127,"column":85},"end":{"line":127,"column":88}}]}},"s":{"0":1,"1":1,"2":1,"3":1,"4":1,"5":1,"6":1,"7":1,"8":1,"9":1,"10":1,"11":1,"12":85,"13":63,"14":8,"15":8,"16":29,"17":29,"18":29,"19":8,"20":8,"21":1,"22":1,"23":31,"24":22,"25":1,"26":31,"27":31,"28":31,"29":31,"30":31,"31":31,"32":3,"33":0,"34":3,"35":3,"36":3,"37":9,"38":3,"39":3,"40":3,"41":0,"42":3,"43":3,"44":8,"45":3,"46":5,"47":5,"48":12,"49":5,"50":5,"51":5,"52":16,"53":16,"54":16,"55":4,"56":4,"57":4,"58":4,"59":4,"60":1,"61":1,"62":1,"63":3,"64":0,"65":4,"66":1,"67":15,"68":1,"69":15,"70":1,"71":8,"72":1,"73":84,"74":1,"75":3,"76":1,"77":0,"78":1,"79":43,"80":21,"81":21,"82":1,"83":0,"84":1,"85":0,"86":1,"87":0},"f":{"0":63,"1":29,"2":31,"3":9,"4":8,"5":12,"6":4,"7":1,"8":15,"9":15,"10":8,"11":84,"12":3,"13":0,"14":43,"15":21,"16":0,"17":0,"18":0},"b":{"0":[22,41],"1":[8,1,1,16,19,23,28,31,22],"2":[8,0],"3":[29,0],"4":[31,6],"5":[3,3,5,16,4],"6":[0,3],"7":[3,6],"8":[0,3],"9":[3,5],"10":[4,1],"11":[3,2],"12":[4,0],"13":[1,3],"14":[1,0]}}
,"/Users/joe/PROJECTS/auctioneer/src/store.ts": {"path":"/Users/joe/PROJECTS/auctioneer/src/store.ts","statementMap":{"0":{"start":{"line":1,"column":0},"end":{"line":1,"column":69}},"1":{"start":{"line":2,"column":0},"end":{"line":2,"column":41}},"2":{"start":{"line":3,"column":0},"end":{"line":3,"column":31}},"3":{"start":{"line":6,"column":13},"end":{"line":10,"column":1}},"4":{"start":{"line":6,"column":26},"end":{"line":6,"column":39}},"5":{"start":{"line":7,"column":23},"end":{"line":7,"column":73}},"6":{"start":{"line":9,"column":4},"end":{"line":9,"column":49}}},"fnMap":{"0":{"name":"(anonymous_0)","decl":{"start":{"line":6,"column":25},"end":{"line":6,"column":25}},"loc":{"start":{"line":6,"column":39},"end":{"line":10,"column":1}}}},"branchMap":{"0":{"loc":{"start":{"line":6,"column":26},"end":{"line":6,"column":39}},"type":"if","locations":[{"start":{"line":6,"column":26},"end":{"line":6,"column":39}},{"start":{"line":6,"column":26},"end":{"line":6,"column":39}}]}},"s":{"0":1,"1":1,"2":1,"3":1,"4":25,"5":22,"6":22},"f":{"0":22},"b":{"0":[3,19]}}
,"/Users/joe/PROJECTS/auctioneer/src/utils.ts": {"path":"/Users/joe/PROJECTS/auctioneer/src/utils.ts","statementMap":{"0":{"start":{"line":3,"column":13},"end":{"line":25,"column":1}},"1":{"start":{"line":28,"column":13},"end":{"line":28,"column":71}},"2":{"start":{"line":30,"column":13},"end":{"line":30,"column":91}},"3":{"start":{"line":30,"column":47},"end":{"line":30,"column":90}},"4":{"start":{"line":32,"column":13},"end":{"line":37,"column":1}},"5":{"start":{"line":33,"column":21},"end":{"line":33,"column":73}},"6":{"start":{"line":33,"column":62},"end":{"line":33,"column":67}},"7":{"start":{"line":34,"column":4},"end":{"line":36,"column":31}},"8":{"start":{"line":35,"column":8},"end":{"line":35,"column":55}},"9":{"start":{"line":39,"column":13},"end":{"line":42,"column":1}},"10":{"start":{"line":40,"column":19},"end":{"line":40,"column":55}},"11":{"start":{"line":40,"column":36},"end":{"line":40,"column":54}},"12":{"start":{"line":41,"column":4},"end":{"line":41,"column":37}},"13":{"start":{"line":44,"column":13},"end":{"line":47,"column":6}},"14":{"start":{"line":44,"column":52},"end":{"line":47,"column":5}},"15":{"start":{"line":45,"column":20},"end":{"line":45,"column":41}},"16":{"start":{"line":46,"column":4},"end":{"line":46,"column":77}},"17":{"start":{"line":50,"column":13},"end":{"line":59,"column":1}},"18":{"start":{"line":50,"column":37},"end":{"line":50,"column":59}},"19":{"start":{"line":51,"column":15},"end":{"line":51,"column":79}},"20":{"start":{"line":51,"column":61},"end":{"line":51,"column":68}},"21":{"start":{"line":52,"column":4},"end":{"line":58,"column":6}}},"fnMap":{"0":{"name":"(anonymous_0)","decl":{"start":{"line":30,"column":27},"end":{"line":30,"column":30}},"loc":{"start":{"line":30,"column":39},"end":{"line":30,"column":90}}},"1":{"name":"(anonymous_1)","decl":{"start":{"line":32,"column":26},"end":{"line":32,"column":26}},"loc":{"start":{"line":32,"column":38},"end":{"line":37,"column":1}}},"2":{"name":"(anonymous_2)","decl":{"start":{"line":33,"column":55},"end":{"line":33,"column":54}},"loc":{"start":{"line":33,"column":58},"end":{"line":33,"column":67}}},"3":{"name":"(anonymous_3)","decl":{"start":{"line":34,"column":27},"end":{"line":34,"column":27}},"loc":{"start":{"line":34,"column":38},"end":{"line":36,"column":5}}},"4":{"name":"(anonymous_4)","decl":{"start":{"line":39,"column":30},"end":{"line":39,"column":30}},"loc":{"start":{"line":39,"column":42},"end":{"line":42,"column":1}}},"5":{"name":"(anonymous_5)","decl":{"start":{"line":40,"column":29},"end":{"line":40,"column":28}},"loc":{"start":{"line":40,"column":32},"end":{"line":40,"column":54}}},"6":{"name":"(anonymous_6)","decl":{"start":{"line":44,"column":28},"end":{"line":44,"column":28}},"loc":{"start":{"line":44,"column":47},"end":{"line":47,"column":5}}},"7":{"name":"(anonymous_7)","decl":{"start":{"line":44,"column":72},"end":{"line":44,"column":72}},"loc":{"start":{"line":44,"column":88},"end":{"line":47,"column":1}}},"8":{"name":"(anonymous_8)","decl":{"start":{"line":50,"column":36},"end":{"line":50,"column":36}},"loc":{"start":{"line":50,"column":59},"end":{"line":59,"column":1}}},"9":{"name":"(anonymous_9)","decl":{"start":{"line":51,"column":53},"end":{"line":51,"column":52}},"loc":{"start":{"line":51,"column":57},"end":{"line":51,"column":68}}}},"branchMap":{"0":{"loc":{"start":{"line":33,"column":43},"end":{"line":33,"column":68}},"type":"cond-expr","locations":[{"start":{"line":33,"column":43},"end":{"line":33,"column":68}},{"start":{"line":33,"column":71},"end":{"line":33,"column":73}}]},"1":{"loc":{"start":{"line":35,"column":43},"end":{"line":35,"column":47}},"type":"cond-expr","locations":[{"start":{"line":35,"column":43},"end":{"line":35,"column":47}},{"start":{"line":35,"column":50},"end":{"line":35,"column":54}}]},"2":{"loc":{"start":{"line":41,"column":20},"end":{"line":41,"column":32}},"type":"cond-expr","locations":[{"start":{"line":41,"column":20},"end":{"line":41,"column":32}},{"start":{"line":41,"column":35},"end":{"line":41,"column":36}}]},"3":{"loc":{"start":{"line":46,"column":38},"end":{"line":46,"column":63}},"type":"cond-expr","locations":[{"start":{"line":46,"column":38},"end":{"line":46,"column":63}},{"start":{"line":46,"column":67},"end":{"line":46,"column":76}}]},"4":{"loc":{"start":{"line":50,"column":37},"end":{"line":50,"column":59}},"type":"if","locations":[{"start":{"line":50,"column":37},"end":{"line":50,"column":59}},{"start":{"line":50,"column":37},"end":{"line":50,"column":59}}]},"5":{"loc":{"start":{"line":51,"column":31},"end":{"line":51,"column":74}},"type":"cond-expr","locations":[{"start":{"line":51,"column":31},"end":{"line":51,"column":74}},{"start":{"line":51,"column":78},"end":{"line":51,"column":79}}]}},"s":{"0":1,"1":1,"2":1,"3":1,"4":1,"5":101,"6":109,"7":101,"8":108,"9":1,"10":0,"11":0,"12":0,"13":1,"14":11,"15":38,"16":38,"17":1,"18":18,"19":17,"20":10,"21":17},"f":{"0":1,"1":101,"2":109,"3":108,"4":0,"5":0,"6":11,"7":38,"8":17,"9":10},"b":{"0":[97,4],"1":[103,5],"2":[0,0],"3":[3,35],"4":[1,16],"5":[8,9]}}
,"/Users/joe/PROJECTS/auctioneer/src/actions/adminActions.ts": {"path":"/Users/joe/PROJECTS/auctioneer/src/actions/adminActions.ts","statementMap":{"0":{"start":{"line":1,"column":0},"end":{"line":1,"column":35}},"1":{"start":{"line":2,"column":0},"end":{"line":2,"column":97}},"2":{"start":{"line":5,"column":13},"end":{"line":5,"column":50}},"3":{"start":{"line":5,"column":29},"end":{"line":5,"column":49}},"4":{"start":{"line":6,"column":13},"end":{"line":6,"column":84}},"5":{"start":{"line":6,"column":48},"end":{"line":6,"column":83}},"6":{"start":{"line":7,"column":13},"end":{"line":7,"column":98}},"7":{"start":{"line":7,"column":61},"end":{"line":7,"column":97}},"8":{"start":{"line":8,"column":13},"end":{"line":17,"column":1}},"9":{"start":{"line":10,"column":4},"end":{"line":10,"column":30}},"10":{"start":{"line":11,"column":4},"end":{"line":11,"column":23}},"11":{"start":{"line":12,"column":5},"end":{"line":17,"column":1}},"12":{"start":{"line":13,"column":4},"end":{"line":16,"column":6}},"13":{"start":{"line":18,"column":13},"end":{"line":31,"column":1}},"14":{"start":{"line":20,"column":4},"end":{"line":20,"column":30}},"15":{"start":{"line":21,"column":4},"end":{"line":21,"column":23}},"16":{"start":{"line":22,"column":5},"end":{"line":31,"column":1}},"17":{"start":{"line":23,"column":4},"end":{"line":30,"column":28}},"18":{"start":{"line":24,"column":16},"end":{"line":24,"column":29}},"19":{"start":{"line":25,"column":8},"end":{"line":27,"column":9}},"20":{"start":{"line":26,"column":12},"end":{"line":26,"column":74}},"21":{"start":{"line":28,"column":8},"end":{"line":28,"column":51}},"22":{"start":{"line":29,"column":8},"end":{"line":29,"column":24}},"23":{"start":{"line":32,"column":13},"end":{"line":32,"column":107}},"24":{"start":{"line":32,"column":60},"end":{"line":32,"column":106}}},"fnMap":{"0":{"name":"(anonymous_0)","decl":{"start":{"line":5,"column":23},"end":{"line":5,"column":28}},"loc":{"start":{"line":5,"column":23},"end":{"line":5,"column":49}}},"1":{"name":"(anonymous_1)","decl":{"start":{"line":6,"column":25},"end":{"line":6,"column":25}},"loc":{"start":{"line":6,"column":43},"end":{"line":6,"column":83}}},"2":{"name":"(anonymous_2)","decl":{"start":{"line":7,"column":27},"end":{"line":7,"column":27}},"loc":{"start":{"line":7,"column":56},"end":{"line":7,"column":97}}},"3":{"name":"(anonymous_3)","decl":{"start":{"line":8,"column":26},"end":{"line":9,"column":3}},"loc":{"start":{"line":11,"column":23},"end":{"line":17,"column":1}}},"4":{"name":"(anonymous_4)","decl":{"start":{"line":12,"column":5},"end":{"line":12,"column":5}},"loc":{"start":{"line":12,"column":34},"end":{"line":17,"column":1}}},"5":{"name":"(anonymous_5)","decl":{"start":{"line":18,"column":29},"end":{"line":19,"column":3}},"loc":{"start":{"line":21,"column":23},"end":{"line":31,"column":1}}},"6":{"name":"(anonymous_6)","decl":{"start":{"line":22,"column":5},"end":{"line":22,"column":5}},"loc":{"start":{"line":22,"column":34},"end":{"line":31,"column":1}}},"7":{"name":"(anonymous_7)","decl":{"start":{"line":23,"column":75},"end":{"line":23,"column":74}},"loc":{"start":{"line":23,"column":83},"end":{"line":30,"column":5}}},"8":{"name":"(anonymous_8)","decl":{"start":{"line":32,"column":33},"end":{"line":32,"column":33}},"loc":{"start":{"line":32,"column":55},"end":{"line":32,"column":106}}}},"branchMap":{"0":{"loc":{"start":{"line":10,"column":4},"end":{"line":10,"column":30}},"type":"if","locations":[{"start":{"line":10,"column":4},"end":{"line":10,"column":30}},{"start":{"line":10,"column":4},"end":{"line":10,"column":30}}]},"1":{"loc":{"start":{"line":11,"column":4},"end":{"line":11,"column":23}},"type":"if","locations":[{"start":{"line":11,"column":4},"end":{"line":11,"column":23}},{"start":{"line":11,"column":4},"end":{"line":11,"column":23}}]},"2":{"loc":{"start":{"line":20,"column":4},"end":{"line":20,"column":30}},"type":"if","locations":[{"start":{"line":20,"column":4},"end":{"line":20,"column":30}},{"start":{"line":20,"column":4},"end":{"line":20,"column":30}}]},"3":{"loc":{"start":{"line":21,"column":4},"end":{"line":21,"column":23}},"type":"if","locations":[{"start":{"line":21,"column":4},"end":{"line":21,"column":23}},{"start":{"line":21,"column":4},"end":{"line":21,"column":23}}]},"4":{"loc":{"start":{"line":25,"column":8},"end":{"line":27,"column":9}},"type":"if","locations":[{"start":{"line":25,"column":8},"end":{"line":27,"column":9}},{"start":{"line":25,"column":8},"end":{"line":27,"column":9}}]}},"s":{"0":1,"1":1,"2":1,"3":16,"4":1,"5":1,"6":1,"7":4,"8":1,"9":7,"10":7,"11":4,"12":4,"13":1,"14":1,"15":1,"16":1,"17":1,"18":1,"19":1,"20":0,"21":1,"22":1,"23":1,"24":5},"f":{"0":16,"1":1,"2":4,"3":4,"4":4,"5":1,"6":1,"7":1,"8":5},"b":{"0":[3,1],"1":[3,1],"2":[0,1],"3":[0,1],"4":[0,1]}}
,"/Users/joe/PROJECTS/auctioneer/src/actions/auctionItemActions.ts": {"path":"/Users/joe/PROJECTS/auctioneer/src/actions/auctionItemActions.ts","statementMap":{"0":{"start":{"line":1,"column":0},"end":{"line":8,"column":20}},"1":{"start":{"line":9,"column":0},"end":{"line":9,"column":43}},"2":{"start":{"line":10,"column":0},"end":{"line":10,"column":35}},"3":{"start":{"line":12,"column":13},"end":{"line":22,"column":2}},"4":{"start":{"line":12,"column":51},"end":{"line":12,"column":77}},"5":{"start":{"line":12,"column":79},"end":{"line":12,"column":98}},"6":{"start":{"line":13,"column":4},"end":{"line":22,"column":1}},"7":{"start":{"line":14,"column":8},"end":{"line":21,"column":58}},"8":{"start":{"line":15,"column":48},"end":{"line":15,"column":63}},"9":{"start":{"line":16,"column":12},"end":{"line":18,"column":13}},"10":{"start":{"line":17,"column":16},"end":{"line":17,"column":52}},"11":{"start":{"line":19,"column":12},"end":{"line":19,"column":73}},"12":{"start":{"line":20,"column":12},"end":{"line":20,"column":23}},"13":{"start":{"line":21,"column":24},"end":{"line":21,"column":56}},"14":{"start":{"line":23,"column":13},"end":{"line":23,"column":79}},"15":{"start":{"line":23,"column":42},"end":{"line":23,"column":78}},"16":{"start":{"line":24,"column":13},"end":{"line":25,"column":65}},"17":{"start":{"line":24,"column":37},"end":{"line":24,"column":45}},"18":{"start":{"line":24,"column":47},"end":{"line":24,"column":62}},"19":{"start":{"line":25,"column":4},"end":{"line":25,"column":64}},"20":{"start":{"line":27,"column":13},"end":{"line":31,"column":2}},"21":{"start":{"line":27,"column":62},"end":{"line":31,"column":1}},"22":{"start":{"line":28,"column":4},"end":{"line":28,"column":52}},"23":{"start":{"line":29,"column":24},"end":{"line":29,"column":54}},"24":{"start":{"line":30,"column":4},"end":{"line":30,"column":38}},"25":{"start":{"line":32,"column":13},"end":{"line":32,"column":92}},"26":{"start":{"line":32,"column":53},"end":{"line":32,"column":91}}},"fnMap":{"0":{"name":"(anonymous_0)","decl":{"start":{"line":12,"column":32},"end":{"line":12,"column":32}},"loc":{"start":{"line":12,"column":98},"end":{"line":22,"column":1}}},"1":{"name":"(anonymous_1)","decl":{"start":{"line":13,"column":4},"end":{"line":13,"column":4}},"loc":{"start":{"line":13,"column":33},"end":{"line":22,"column":1}}},"2":{"name":"(anonymous_2)","decl":{"start":{"line":14,"column":61},"end":{"line":14,"column":60}},"loc":{"start":{"line":14,"column":64},"end":{"line":21,"column":9}}},"3":{"name":"(anonymous_3)","decl":{"start":{"line":21,"column":17},"end":{"line":21,"column":16}},"loc":{"start":{"line":21,"column":20},"end":{"line":21,"column":56}}},"4":{"name":"(anonymous_4)","decl":{"start":{"line":23,"column":33},"end":{"line":23,"column":33}},"loc":{"start":{"line":23,"column":37},"end":{"line":23,"column":78}}},"5":{"name":"(anonymous_5)","decl":{"start":{"line":24,"column":35},"end":{"line":24,"column":35}},"loc":{"start":{"line":24,"column":63},"end":{"line":25,"column":64}}},"6":{"name":"(anonymous_6)","decl":{"start":{"line":27,"column":24},"end":{"line":27,"column":24}},"loc":{"start":{"line":27,"column":57},"end":{"line":31,"column":1}}},"7":{"name":"(anonymous_7)","decl":{"start":{"line":27,"column":62},"end":{"line":27,"column":62}},"loc":{"start":{"line":27,"column":81},"end":{"line":31,"column":1}}},"8":{"name":"(anonymous_8)","decl":{"start":{"line":32,"column":33},"end":{"line":32,"column":33}},"loc":{"start":{"line":32,"column":48},"end":{"line":32,"column":91}}}},"branchMap":{"0":{"loc":{"start":{"line":12,"column":51},"end":{"line":12,"column":77}},"type":"if","locations":[{"start":{"line":12,"column":51},"end":{"line":12,"column":77}},{"start":{"line":12,"column":51},"end":{"line":12,"column":77}}]},"1":{"loc":{"start":{"line":12,"column":79},"end":{"line":12,"column":98}},"type":"if","locations":[{"start":{"line":12,"column":79},"end":{"line":12,"column":98}},{"start":{"line":12,"column":79},"end":{"line":12,"column":98}}]},"2":{"loc":{"start":{"line":15,"column":48},"end":{"line":15,"column":51}},"type":"binary-expr","locations":[{"start":{"line":15,"column":48},"end":{"line":15,"column":51}},{"start":{"line":15,"column":55},"end":{"line":15,"column":63}}]},"3":{"loc":{"start":{"line":16,"column":12},"end":{"line":18,"column":13}},"type":"if","locations":[{"start":{"line":16,"column":12},"end":{"line":18,"column":13}},{"start":{"line":16,"column":12},"end":{"line":18,"column":13}}]}},"s":{"0":1,"1":1,"2":1,"3":1,"4":13,"5":13,"6":7,"7":7,"8":7,"9":7,"10":0,"11":7,"12":7,"13":0,"14":1,"15":1,"16":1,"17":8,"18":8,"19":8,"20":1,"21":3,"22":3,"23":3,"24":3,"25":1,"26":3},"f":{"0":7,"1":7,"2":7,"3":0,"4":1,"5":8,"6":3,"7":3,"8":3},"b":{"0":[6,1],"1":[6,1],"2":[7,7],"3":[0,7]}}
,"/Users/joe/PROJECTS/auctioneer/src/admin/AddItem.tsx": {"path":"/Users/joe/PROJECTS/auctioneer/src/admin/AddItem.tsx","statementMap":{"0":{"start":{"line":1,"column":0},"end":{"line":1,"column":30}},"1":{"start":{"line":7,"column":13},"end":{"line":11,"column":1}},"2":{"start":{"line":7,"column":26},"end":{"line":7,"column":34}},"3":{"start":{"line":7,"column":48},"end":{"line":11,"column":1}}},"fnMap":{"0":{"name":"(anonymous_0)","decl":{"start":{"line":7,"column":23},"end":{"line":7,"column":23}},"loc":{"start":{"line":7,"column":43},"end":{"line":11,"column":1}}}},"branchMap":{},"s":{"0":1,"1":1,"2":0,"3":0},"f":{"0":0},"b":{}}
,"/Users/joe/PROJECTS/auctioneer/src/admin/AdminHeader.tsx": {"path":"/Users/joe/PROJECTS/auctioneer/src/admin/AdminHeader.tsx","statementMap":{"0":{"start":{"line":1,"column":0},"end":{"line":1,"column":30}},"1":{"start":{"line":2,"column":0},"end":{"line":2,"column":39}},"2":{"start":{"line":4,"column":13},"end":{"line":8,"column":1}},"3":{"start":{"line":4,"column":33},"end":{"line":8,"column":1}}},"fnMap":{"0":{"name":"(anonymous_0)","decl":{"start":{"line":4,"column":27},"end":{"line":4,"column":32}},"loc":{"start":{"line":4,"column":27},"end":{"line":8,"column":1}}}},"branchMap":{},"s":{"0":1,"1":1,"2":1,"3":0},"f":{"0":0},"b":{}}
,"/Users/joe/PROJECTS/auctioneer/src/admin/AdminPage.tsx": {"path":"/Users/joe/PROJECTS/auctioneer/src/admin/AdminPage.tsx","statementMap":{"0":{"start":{"line":1,"column":0},"end":{"line":1,"column":30}},"1":{"start":{"line":3,"column":0},"end":{"line":3,"column":37}},"2":{"start":{"line":4,"column":0},"end":{"line":4,"column":31}},"3":{"start":{"line":5,"column":0},"end":{"line":5,"column":43}},"4":{"start":{"line":11,"column":13},"end":{"line":24,"column":1}},"5":{"start":{"line":11,"column":28},"end":{"line":11,"column":34}},"6":{"start":{"line":13,"column":4},"end":{"line":13,"column":18}},"7":{"start":{"line":15,"column":4},"end":{"line":23,"column":5}}},"fnMap":{"0":{"name":"(anonymous_0)","decl":{"start":{"line":11,"column":25},"end":{"line":11,"column":25}},"loc":{"start":{"line":11,"column":43},"end":{"line":24,"column":1}}}},"branchMap":{},"s":{"0":1,"1":1,"2":1,"3":1,"4":1,"5":1,"6":1,"7":1},"f":{"0":1},"b":{}}
,"/Users/joe/PROJECTS/auctioneer/src/admin/ItemEditor.tsx": {"path":"/Users/joe/PROJECTS/auctioneer/src/admin/ItemEditor.tsx","statementMap":{"0":{"start":{"line":1,"column":0},"end":{"line":1,"column":30}},"1":{"start":{"line":2,"column":0},"end":{"line":2,"column":37}},"2":{"start":{"line":4,"column":0},"end":{"line":4,"column":41}},"3":{"start":{"line":5,"column":0},"end":{"line":5,"column":57}},"4":{"start":{"line":6,"column":0},"end":{"line":6,"column":80}},"5":{"start":{"line":8,"column":0},"end":{"line":12,"column":1}},"6":{"start":{"line":9,"column":4},"end":{"line":9,"column":19}},"7":{"start":{"line":10,"column":4},"end":{"line":10,"column":21}},"8":{"start":{"line":11,"column":4},"end":{"line":11,"column":31}},"9":{"start":{"line":24,"column":13},"end":{"line":68,"column":1}},"10":{"start":{"line":25,"column":4},"end":{"line":25,"column":12}},"11":{"start":{"line":26,"column":4},"end":{"line":26,"column":17}},"12":{"start":{"line":27,"column":4},"end":{"line":27,"column":18}},"13":{"start":{"line":28,"column":4},"end":{"line":28,"column":23}},"14":{"start":{"line":29,"column":4},"end":{"line":29,"column":19}},"15":{"start":{"line":30,"column":4},"end":{"line":30,"column":17}},"16":{"start":{"line":38,"column":4},"end":{"line":67,"column":5}},"17":{"start":{"line":64,"column":97},"end":{"line":64,"column":123}},"18":{"start":{"line":70,"column":24},"end":{"line":72,"column":2}},"19":{"start":{"line":70,"column":35},"end":{"line":72,"column":2}},"20":{"start":{"line":74,"column":27},"end":{"line":80,"column":1}},"21":{"start":{"line":77,"column":31},"end":{"line":77,"column":74}},"22":{"start":{"line":78,"column":32},"end":{"line":78,"column":76}},"23":{"start":{"line":79,"column":37},"end":{"line":79,"column":86}},"24":{"start":{"line":82,"column":19},"end":{"line":93,"column":1}},"25":{"start":{"line":83,"column":11},"end":{"line":83,"column":19}},"26":{"start":{"line":84,"column":4},"end":{"line":92,"column":5}},"27":{"start":{"line":89,"column":12},"end":{"line":89,"column":31}},"28":{"start":{"line":90,"column":12},"end":{"line":90,"column":47}},"29":{"start":{"line":95,"column":0},"end":{"line":95,"column":84}}},"fnMap":{"0":{"name":"(anonymous_1)","decl":{"start":{"line":8,"column":0},"end":{"line":8,"column":11}},"loc":{"start":{"line":8,"column":20},"end":{"line":12,"column":1}}},"1":{"name":"(anonymous_2)","decl":{"start":{"line":24,"column":26},"end":{"line":24,"column":26}},"loc":{"start":{"line":31,"column":8},"end":{"line":68,"column":1}}},"2":{"name":"(anonymous_3)","decl":{"start":{"line":64,"column":91},"end":{"line":64,"column":96}},"loc":{"start":{"line":64,"column":91},"end":{"line":64,"column":123}}},"3":{"name":"(anonymous_4)","decl":{"start":{"line":70,"column":24},"end":{"line":70,"column":24}},"loc":{"start":{"line":70,"column":30},"end":{"line":72,"column":2}}},"4":{"name":"(anonymous_5)","decl":{"start":{"line":77,"column":19},"end":{"line":77,"column":19}},"loc":{"start":{"line":77,"column":26},"end":{"line":77,"column":74}}},"5":{"name":"(anonymous_6)","decl":{"start":{"line":78,"column":20},"end":{"line":78,"column":20}},"loc":{"start":{"line":78,"column":27},"end":{"line":78,"column":76}}},"6":{"name":"(anonymous_7)","decl":{"start":{"line":79,"column":25},"end":{"line":79,"column":25}},"loc":{"start":{"line":79,"column":32},"end":{"line":79,"column":86}}},"7":{"name":"(anonymous_8)","decl":{"start":{"line":82,"column":19},"end":{"line":82,"column":19}},"loc":{"start":{"line":82,"column":45},"end":{"line":93,"column":1}}},"8":{"name":"(anonymous_9)","decl":{"start":{"line":88,"column":23},"end":{"line":88,"column":23}},"loc":{"start":{"line":88,"column":25},"end":{"line":91,"column":9}}}},"branchMap":{"0":{"loc":{"start":{"line":8,"column":12},"end":{"line":8,"column":20}},"type":"binary-expr","locations":[{"start":{"line":8,"column":12},"end":{"line":8,"column":20}},{"start":{"line":8,"column":12},"end":{"line":8,"column":20}}]}},"s":{"0":1,"1":1,"2":1,"3":1,"4":1,"5":1,"6":1,"7":1,"8":1,"9":1,"10":0,"11":0,"12":0,"13":0,"14":0,"15":0,"16":0,"17":0,"18":1,"19":0,"20":1,"21":0,"22":0,"23":0,"24":1,"25":0,"26":0,"27":0,"28":0,"29":1},"f":{"0":1,"1":0,"2":0,"3":0,"4":0,"5":0,"6":0,"7":0,"8":0},"b":{"0":[1,1]}}
,"/Users/joe/PROJECTS/auctioneer/src/admin/Sidebar.tsx": {"path":"/Users/joe/PROJECTS/auctioneer/src/admin/Sidebar.tsx","statementMap":{"0":{"start":{"line":1,"column":0},"end":{"line":1,"column":30}},"1":{"start":{"line":2,"column":0},"end":{"line":2,"column":37}},"2":{"start":{"line":3,"column":0},"end":{"line":3,"column":35}},"3":{"start":{"line":4,"column":0},"end":{"line":4,"column":43}},"4":{"start":{"line":5,"column":0},"end":{"line":5,"column":60}},"5":{"start":{"line":6,"column":0},"end":{"line":6,"column":78}},"6":{"start":{"line":14,"column":13},"end":{"line":25,"column":1}},"7":{"start":{"line":14,"column":26},"end":{"line":14,"column":38}},"8":{"start":{"line":14,"column":40},"end":{"line":14,"column":52}},"9":{"start":{"line":14,"column":54},"end":{"line":14,"column":65}},"10":{"start":{"line":14,"column":79},"end":{"line":25,"column":1}},"11":{"start":{"line":16,"column":39},"end":{"line":22,"column":9}},"12":{"start":{"line":21,"column":32},"end":{"line":21,"column":46}},"13":{"start":{"line":23,"column":33},"end":{"line":23,"column":50}},"14":{"start":{"line":27,"column":17},"end":{"line":30,"column":2}},"15":{"start":{"line":27,"column":26},"end":{"line":30,"column":2}},"16":{"start":{"line":32,"column":20},"end":{"line":36,"column":1}},"17":{"start":{"line":34,"column":8},"end":{"line":34,"column":55}},"18":{"start":{"line":38,"column":0},"end":{"line":38,"column":55}}},"fnMap":{"0":{"name":"(anonymous_0)","decl":{"start":{"line":14,"column":23},"end":{"line":14,"column":23}},"loc":{"start":{"line":14,"column":74},"end":{"line":25,"column":1}}},"1":{"name":"(anonymous_1)","decl":{"start":{"line":16,"column":26},"end":{"line":16,"column":26}},"loc":{"start":{"line":16,"column":34},"end":{"line":22,"column":9}}},"2":{"name":"(anonymous_2)","decl":{"start":{"line":21,"column":26},"end":{"line":21,"column":31}},"loc":{"start":{"line":21,"column":26},"end":{"line":21,"column":46}}},"3":{"name":"(anonymous_3)","decl":{"start":{"line":23,"column":27},"end":{"line":23,"column":32}},"loc":{"start":{"line":23,"column":27},"end":{"line":23,"column":50}}},"4":{"name":"(anonymous_4)","decl":{"start":{"line":27,"column":17},"end":{"line":27,"column":16}},"loc":{"start":{"line":27,"column":22},"end":{"line":30,"column":2}}},"5":{"name":"(anonymous_5)","decl":{"start":{"line":33,"column":15},"end":{"line":33,"column":15}},"loc":{"start":{"line":33,"column":25},"end":{"line":35,"column":5}}}},"branchMap":{"0":{"loc":{"start":{"line":34,"column":30},"end":{"line":34,"column":39}},"type":"cond-expr","locations":[{"start":{"line":34,"column":30},"end":{"line":34,"column":39}},{"start":{"line":34,"column":42},"end":{"line":34,"column":54}}]}},"s":{"0":1,"1":1,"2":1,"3":1,"4":1,"5":1,"6":1,"7":0,"8":0,"9":0,"10":0,"11":0,"12":0,"13":0,"14":1,"15":0,"16":1,"17":0,"18":1},"f":{"0":0,"1":0,"2":0,"3":0,"4":0,"5":0},"b":{"0":[0,0]}}
,"/Users/joe/PROJECTS/auctioneer/src/admin/SidebarItem.tsx": {"path":"/Users/joe/PROJECTS/auctioneer/src/admin/SidebarItem.tsx","statementMap":{"0":{"start":{"line":1,"column":0},"end":{"line":1,"column":30}},"1":{"start":{"line":10,"column":13},"end":{"line":14,"column":1}},"2":{"start":{"line":10,"column":30},"end":{"line":10,"column":38}},"3":{"start":{"line":10,"column":40},"end":{"line":10,"column":47}},"4":{"start":{"line":10,"column":49},"end":{"line":10,"column":57}},"5":{"start":{"line":10,"column":71},"end":{"line":14,"column":1}}},"fnMap":{"0":{"name":"(anonymous_0)","decl":{"start":{"line":10,"column":27},"end":{"line":10,"column":27}},"loc":{"start":{"line":10,"column":66},"end":{"line":14,"column":1}}}},"branchMap":{"0":{"loc":{"start":{"line":11,"column":46},"end":{"line":11,"column":55}},"type":"cond-expr","locations":[{"start":{"line":11,"column":46},"end":{"line":11,"column":55}},{"start":{"line":11,"column":58},"end":{"line":11,"column":60}}]}},"s":{"0":1,"1":1,"2":0,"3":0,"4":0,"5":0},"f":{"0":0},"b":{"0":[0,0]}}
,"/Users/joe/PROJECTS/auctioneer/src/user/BidsPage.tsx": {"path":"/Users/joe/PROJECTS/auctioneer/src/user/BidsPage.tsx","statementMap":{"0":{"start":{"line":1,"column":0},"end":{"line":1,"column":30}},"1":{"start":{"line":2,"column":0},"end":{"line":2,"column":27}},"2":{"start":{"line":3,"column":0},"end":{"line":3,"column":29}},"3":{"start":{"line":4,"column":0},"end":{"line":4,"column":29}},"4":{"start":{"line":5,"column":0},"end":{"line":5,"column":45}},"5":{"start":{"line":14,"column":13},"end":{"line":26,"column":1}},"6":{"start":{"line":14,"column":27},"end":{"line":14,"column":31}},"7":{"start":{"line":14,"column":33},"end":{"line":14,"column":39}},"8":{"start":{"line":14,"column":41},"end":{"line":14,"column":53}},"9":{"start":{"line":14,"column":55},"end":{"line":14,"column":61}},"10":{"start":{"line":16,"column":4},"end":{"line":16,"column":19}},"11":{"start":{"line":18,"column":4},"end":{"line":25,"column":5}}},"fnMap":{"0":{"name":"(anonymous_0)","decl":{"start":{"line":14,"column":24},"end":{"line":14,"column":24}},"loc":{"start":{"line":14,"column":70},"end":{"line":26,"column":1}}}},"branchMap":{},"s":{"0":1,"1":1,"2":1,"3":1,"4":1,"5":1,"6":9,"7":9,"8":9,"9":9,"10":9,"11":9},"f":{"0":9},"b":{}}
,"/Users/joe/PROJECTS/auctioneer/src/user/EmptyListView.tsx": {"path":"/Users/joe/PROJECTS/auctioneer/src/user/EmptyListView.tsx","statementMap":{"0":{"start":{"line":1,"column":0},"end":{"line":1,"column":30}},"1":{"start":{"line":3,"column":13},"end":{"line":9,"column":1}},"2":{"start":{"line":3,"column":33},"end":{"line":9,"column":1}}},"fnMap":{"0":{"name":"(anonymous_0)","decl":{"start":{"line":3,"column":25},"end":{"line":3,"column":25}},"loc":{"start":{"line":3,"column":28},"end":{"line":9,"column":1}}}},"branchMap":{},"s":{"0":1,"1":1,"2":2},"f":{"0":2},"b":{}}
,"/Users/joe/PROJECTS/auctioneer/src/user/Footer.tsx": {"path":"/Users/joe/PROJECTS/auctioneer/src/user/Footer.tsx","statementMap":{"0":{"start":{"line":1,"column":0},"end":{"line":1,"column":30}},"1":{"start":{"line":2,"column":0},"end":{"line":2,"column":37}},"2":{"start":{"line":3,"column":0},"end":{"line":3,"column":39}},"3":{"start":{"line":4,"column":0},"end":{"line":4,"column":45}},"4":{"start":{"line":10,"column":13},"end":{"line":16,"column":1}},"5":{"start":{"line":10,"column":25},"end":{"line":10,"column":34}},"6":{"start":{"line":10,"column":48},"end":{"line":16,"column":1}},"7":{"start":{"line":18,"column":24},"end":{"line":18,"column":72}},"8":{"start":{"line":18,"column":33},"end":{"line":18,"column":72}},"9":{"start":{"line":20,"column":0},"end":{"line":20,"column":48}}},"fnMap":{"0":{"name":"(anonymous_0)","decl":{"start":{"line":10,"column":22},"end":{"line":10,"column":22}},"loc":{"start":{"line":10,"column":43},"end":{"line":16,"column":1}}},"1":{"name":"(anonymous_1)","decl":{"start":{"line":18,"column":24},"end":{"line":18,"column":23}},"loc":{"start":{"line":18,"column":29},"end":{"line":18,"column":72}}}},"branchMap":{},"s":{"0":1,"1":1,"2":1,"3":1,"4":1,"5":8,"6":8,"7":1,"8":8,"9":1},"f":{"0":8,"1":8},"b":{}}
,"/Users/joe/PROJECTS/auctioneer/src/user/Item.tsx": {"path":"/Users/joe/PROJECTS/auctioneer/src/user/Item.tsx","statementMap":{"0":{"start":{"line":1,"column":0},"end":{"line":1,"column":30}},"1":{"start":{"line":2,"column":0},"end":{"line":2,"column":37}},"2":{"start":{"line":4,"column":0},"end":{"line":4,"column":58}},"3":{"start":{"line":5,"column":0},"end":{"line":5,"column":75}},"4":{"start":{"line":15,"column":23},"end":{"line":15,"column":27}},"5":{"start":{"line":15,"column":29},"end":{"line":15,"column":36}},"6":{"start":{"line":15,"column":38},"end":{"line":15,"column":46}},"7":{"start":{"line":15,"column":48},"end":{"line":15,"column":67}},"8":{"start":{"line":15,"column":69},"end":{"line":15,"column":79}},"9":{"start":{"line":17,"column":20},"end":{"line":17,"column":22}},"10":{"start":{"line":18,"column":19},"end":{"line":18,"column":21}},"11":{"start":{"line":19,"column":20},"end":{"line":19,"column":22}},"12":{"start":{"line":21,"column":4},"end":{"line":29,"column":5}},"13":{"start":{"line":22,"column":8},"end":{"line":22,"column":29}},"14":{"start":{"line":23,"column":8},"end":{"line":23,"column":35}},"15":{"start":{"line":24,"column":8},"end":{"line":24,"column":29}},"16":{"start":{"line":25,"column":11},"end":{"line":29,"column":5}},"17":{"start":{"line":25,"column":41},"end":{"line":25,"column":58}},"18":{"start":{"line":26,"column":8},"end":{"line":26,"column":32}},"19":{"start":{"line":27,"column":8},"end":{"line":27,"column":33}},"20":{"start":{"line":28,"column":8},"end":{"line":28,"column":33}},"21":{"start":{"line":31,"column":29},"end":{"line":31,"column":69}},"22":{"start":{"line":33,"column":4},"end":{"line":52,"column":6}},"23":{"start":{"line":15,"column":0},"end":{"line":53,"column":1}},"24":{"start":{"line":55,"column":27},"end":{"line":58,"column":1}},"25":{"start":{"line":60,"column":19},"end":{"line":75,"column":1}},"26":{"start":{"line":61,"column":19},"end":{"line":61,"column":39}},"27":{"start":{"line":62,"column":30},"end":{"line":62,"column":76}},"28":{"start":{"line":62,"column":37},"end":{"line":62,"column":76}},"29":{"start":{"line":63,"column":21},"end":{"line":66,"column":5}},"30":{"start":{"line":64,"column":8},"end":{"line":64,"column":28}},"31":{"start":{"line":65,"column":8},"end":{"line":65,"column":54}},"32":{"start":{"line":68,"column":4},"end":{"line":74,"column":5}},"33":{"start":{"line":77,"column":0},"end":{"line":77,"column":67}}},"fnMap":{"0":{"name":"Item","decl":{"start":{"line":15,"column":0},"end":{"line":15,"column":20}},"loc":{"start":{"line":15,"column":88},"end":{"line":53,"column":1}}},"1":{"name":"(anonymous_2)","decl":{"start":{"line":25,"column":34},"end":{"line":25,"column":33}},"loc":{"start":{"line":25,"column":37},"end":{"line":25,"column":58}}},"2":{"name":"(anonymous_3)","decl":{"start":{"line":60,"column":19},"end":{"line":60,"column":19}},"loc":{"start":{"line":60,"column":55},"end":{"line":75,"column":1}}},"3":{"name":"(anonymous_4)","decl":{"start":{"line":62,"column":30},"end":{"line":62,"column":30}},"loc":{"start":{"line":62,"column":32},"end":{"line":62,"column":76}}},"4":{"name":"(anonymous_5)","decl":{"start":{"line":63,"column":21},"end":{"line":63,"column":21}},"loc":{"start":{"line":63,"column":23},"end":{"line":66,"column":5}}}},"branchMap":{"0":{"loc":{"start":{"line":21,"column":4},"end":{"line":29,"column":5}},"type":"if","locations":[{"start":{"line":21,"column":4},"end":{"line":29,"column":5}},{"start":{"line":21,"column":4},"end":{"line":29,"column":5}}]},"1":{"loc":{"start":{"line":25,"column":11},"end":{"line":29,"column":5}},"type":"if","locations":[{"start":{"line":25,"column":11},"end":{"line":29,"column":5}},{"start":{"line":25,"column":11},"end":{"line":29,"column":5}}]},"2":{"loc":{"start":{"line":31,"column":52},"end":{"line":31,"column":58}},"type":"cond-expr","locations":[{"start":{"line":31,"column":52},"end":{"line":31,"column":58}},{"start":{"line":31,"column":61},"end":{"line":31,"column":69}}]}},"s":{"0":1,"1":1,"2":1,"3":1,"4":48,"5":48,"6":48,"7":48,"8":48,"9":48,"10":48,"11":48,"12":48,"13":9,"14":9,"15":9,"16":39,"17":42,"18":2,"19":2,"20":2,"21":48,"22":48,"23":1,"24":1,"25":1,"26":31,"27":31,"28":0,"29":31,"30":2,"31":2,"32":31,"33":1},"f":{"0":48,"1":42,"2":31,"3":0,"4":2},"b":{"0":[9,39],"1":[2,37],"2":[0,48]}}
,"/Users/joe/PROJECTS/auctioneer/src/user/List.tsx": {"path":"/Users/joe/PROJECTS/auctioneer/src/user/List.tsx","statementMap":{"0":{"start":{"line":1,"column":0},"end":{"line":1,"column":30}},"1":{"start":{"line":2,"column":0},"end":{"line":2,"column":25}},"2":{"start":{"line":3,"column":0},"end":{"line":3,"column":43}},"3":{"start":{"line":5,"column":0},"end":{"line":5,"column":37}},"4":{"start":{"line":13,"column":13},"end":{"line":34,"column":2}},"5":{"start":{"line":13,"column":23},"end":{"line":13,"column":27}},"6":{"start":{"line":13,"column":29},"end":{"line":13,"column":41}},"7":{"start":{"line":13,"column":43},"end":{"line":13,"column":49}},"8":{"start":{"line":15,"column":26},"end":{"line":17,"column":22}},"9":{"start":{"line":16,"column":38},"end":{"line":16,"column":79}},"10":{"start":{"line":16,"column":55},"end":{"line":16,"column":59}},"11":{"start":{"line":16,"column":65},"end":{"line":16,"column":78}},"12":{"start":{"line":19,"column":4},"end":{"line":33,"column":5}},"13":{"start":{"line":24,"column":20},"end":{"line":29,"column":22}}},"fnMap":{"0":{"name":"(anonymous_0)","decl":{"start":{"line":13,"column":20},"end":{"line":13,"column":20}},"loc":{"start":{"line":13,"column":58},"end":{"line":34,"column":1}}},"1":{"name":"(anonymous_1)","decl":{"start":{"line":16,"column":30},"end":{"line":16,"column":29}},"loc":{"start":{"line":16,"column":34},"end":{"line":16,"column":79}}},"2":{"name":"(anonymous_2)","decl":{"start":{"line":16,"column":53},"end":{"line":16,"column":53}},"loc":{"start":{"line":16,"column":60},"end":{"line":16,"column":78}}},"3":{"name":"(anonymous_3)","decl":{"start":{"line":23,"column":21},"end":{"line":23,"column":20}},"loc":{"start":{"line":23,"column":25},"end":{"line":29,"column":22}}}},"branchMap":{"0":{"loc":{"start":{"line":16,"column":10},"end":{"line":16,"column":80}},"type":"cond-expr","locations":[{"start":{"line":16,"column":10},"end":{"line":16,"column":80}},{"start":{"line":17,"column":10},"end":{"line":17,"column":22}}]},"1":{"loc":{"start":{"line":22,"column":36},"end":{"line":30,"column":17}},"type":"cond-expr","locations":[{"start":{"line":22,"column":36},"end":{"line":30,"column":17}},{"start":{"line":30,"column":20},"end":{"line":30,"column":33}}]}},"s":{"0":1,"1":1,"2":1,"3":1,"4":1,"5":12,"6":12,"7":12,"8":12,"9":12,"10":13,"11":13,"12":12,"13":37},"f":{"0":12,"1":12,"2":13,"3":37},"b":{"0":[3,9],"1":[10,2]}}
,"/Users/joe/PROJECTS/auctioneer/src/user/Nav.tsx": {"path":"/Users/joe/PROJECTS/auctioneer/src/user/Nav.tsx","statementMap":{"0":{"start":{"line":1,"column":0},"end":{"line":1,"column":30}},"1":{"start":{"line":2,"column":0},"end":{"line":2,"column":42}},"2":{"start":{"line":4,"column":13},"end":{"line":9,"column":2}},"3":{"start":{"line":4,"column":25},"end":{"line":9,"column":1}},"4":{"start":{"line":11,"column":15},"end":{"line":17,"column":31}},"5":{"start":{"line":12,"column":4},"end":{"line":17,"column":31}}},"fnMap":{"0":{"name":"(anonymous_0)","decl":{"start":{"line":4,"column":19},"end":{"line":4,"column":24}},"loc":{"start":{"line":4,"column":19},"end":{"line":9,"column":1}}},"1":{"name":"(anonymous_1)","decl":{"start":{"line":11,"column":15},"end":{"line":11,"column":14}},"loc":{"start":{"line":11,"column":20},"end":{"line":17,"column":31}}}},"branchMap":{},"s":{"0":1,"1":1,"2":1,"3":8,"4":1,"5":16},"f":{"0":8,"1":16},"b":{}}
,"/Users/joe/PROJECTS/auctioneer/src/user/UserNameForm.tsx": {"path":"/Users/joe/PROJECTS/auctioneer/src/user/UserNameForm.tsx","statementMap":{"0":{"start":{"line":1,"column":0},"end":{"line":1,"column":30}},"1":{"start":{"line":3,"column":0},"end":{"line":3,"column":49}},"2":{"start":{"line":3,"column":34},"end":{"line":3,"column":59}},"3":{"start":{"line":3,"column":0},"end":{"line":40,"column":0}},"4":{"start":{"line":5,"column":4},"end":{"line":5,"column":52}},"5":{"start":{"line":6,"column":4},"end":{"line":8,"column":5}},"6":{"start":{"line":10,"column":4},"end":{"line":14,"column":5}},"7":{"start":{"line":11,"column":25},"end":{"line":11,"column":53}},"8":{"start":{"line":12,"column":8},"end":{"line":12,"column":36}},"9":{"start":{"line":13,"column":8},"end":{"line":13,"column":53}},"10":{"start":{"line":16,"column":4},"end":{"line":19,"column":5}},"11":{"start":{"line":17,"column":8},"end":{"line":17,"column":27}},"12":{"start":{"line":18,"column":8},"end":{"line":18,"column":38}},"13":{"start":{"line":21,"column":4},"end":{"line":23,"column":5}},"14":{"start":{"line":22,"column":8},"end":{"line":22,"column":26}},"15":{"start":{"line":25,"column":4},"end":{"line":39,"column":5}},"16":{"start":{"line":26,"column":8},"end":{"line":38,"column":9}},"17":{"start":{"line":40,"column":0},"end":{"line":40,"column":1}},"18":{"start":{"line":3,"column":13},"end":{"line":3,"column":25}}},"fnMap":{"0":{"name":"(anonymous_5)","decl":{"start":{"line":3,"column":0},"end":{"line":null,"column":-1}},"loc":{"start":{"line":3,"column":0},"end":{"line":3,"column":-1}}},"1":{"name":"(anonymous_7)","decl":{"start":{"line":10,"column":21},"end":{"line":10,"column":21}},"loc":{"start":{"line":10,"column":23},"end":{"line":14,"column":5}}},"2":{"name":"(anonymous_8)","decl":{"start":{"line":16,"column":18},"end":{"line":16,"column":18}},"loc":{"start":{"line":16,"column":20},"end":{"line":19,"column":5}}},"3":{"name":"(anonymous_9)","decl":{"start":{"line":21,"column":20},"end":{"line":21,"column":20}},"loc":{"start":{"line":21,"column":22},"end":{"line":23,"column":5}}},"4":{"name":"(anonymous_10)","decl":{"start":{"line":25,"column":4},"end":{"line":null,"column":-1}},"loc":{"start":{"line":25,"column":4},"end":{"line":39,"column":5}}}},"branchMap":{"0":{"loc":{"start":{"line":3,"column":0},"end":{"line":40,"column":0}},"type":"binary-expr","locations":[{"start":{"line":3,"column":0},"end":{"line":40,"column":0}},{"start":{"line":3,"column":0},"end":{"line":40,"column":0}},{"start":{"line":3,"column":0},"end":{"line":40,"column":0}}]}},"s":{"0":1,"1":1,"2":1,"3":6,"4":6,"5":6,"6":6,"7":2,"8":2,"9":2,"10":6,"11":0,"12":0,"13":6,"14":0,"15":1,"16":10,"17":1,"18":1},"f":{"0":7,"1":2,"2":0,"3":0,"4":10},"b":{"0":[6,6,6]}}
}
