TN:
SF:/Users/joe/PROJECTS/auctioneer/server/serverFactory.js
FN:10,(anonymous_12)
FN:18,(anonymous_15)
FN:24,(anonymous_16)
FN:29,(anonymous_17)
FN:39,(anonymous_20)
FN:47,(anonymous_21)
FN:50,(anonymous_22)
FN:54,(anonymous_23)
FN:61,(anonymous_24)
FN:63,(anonymous_25)
FN:74,(anonymous_26)
FN:84,logIPAddress
FN:87,(anonymous_28)
FN:88,(anonymous_29)
FNF:14
FNH:14
FNDA:1,(anonymous_12)
FNDA:13,(anonymous_15)
FNDA:1,(anonymous_16)
FNDA:12,(anonymous_17)
FNDA:4,(anonymous_20)
FNDA:9,(anonymous_21)
FNDA:4,(anonymous_22)
FNDA:11,(anonymous_23)
FNDA:3,(anonymous_24)
FNDA:12,(anonymous_25)
FNDA:1,(anonymous_26)
FNDA:1,logIPAddress
FNDA:5,(anonymous_28)
FNDA:8,(anonymous_29)
DA:1,1
DA:2,1
DA:3,1
DA:4,1
DA:5,1
DA:6,1
DA:7,1
DA:8,1
DA:10,1
DA:12,1
DA:13,1
DA:15,1
DA:16,1
DA:18,1
DA:19,13
DA:24,1
DA:25,1
DA:29,1
DA:31,12
DA:32,12
DA:34,0
DA:36,12
DA:39,1
DA:40,4
DA:41,4
DA:43,4
DA:44,4
DA:45,1
DA:47,9
DA:48,2
DA:50,4
DA:54,11
DA:57,1
DA:61,1
DA:62,3
DA:63,12
DA:65,3
DA:68,1
DA:71,1
DA:72,1
DA:74,1
DA:75,1
DA:78,1
DA:80,0
DA:85,1
DA:86,1
DA:87,1
DA:88,8
DA:89,5
DA:91,1
DA:94,1
LF:51
LH:49
BRDA:44,0,0,1
BRDA:44,0,1,3
BRDA:47,1,0,2
BRDA:47,1,1,1
BRDA:50,2,0,1
BRDA:50,2,1,3
BRDA:89,3,0,1
BRDA:89,3,1,4
BRF:8
BRH:8
end_of_record
TN:
SF:/Users/joe/PROJECTS/auctioneer/src/App.tsx
FN:22,(anonymous_17)
FN:29,App
FN:35,(anonymous_19)
FN:40,(anonymous_22)
FN:44,(anonymous_23)
FN:56,(anonymous_24)
FN:58,(anonymous_25)
FN:70,(anonymous_26)
FN:77,(anonymous_27)
FNF:9
FNH:8
FNDA:1,(anonymous_17)
FNDA:7,App
FNDA:7,(anonymous_19)
FNDA:5,(anonymous_22)
FNDA:16,(anonymous_23)
FNDA:0,(anonymous_24)
FNDA:8,(anonymous_25)
FNDA:16,(anonymous_26)
FNDA:7,(anonymous_27)
DA:1,1
DA:2,1
DA:3,1
DA:4,1
DA:6,1
DA:7,1
DA:8,1
DA:9,1
DA:10,1
DA:11,1
DA:22,1
DA:24,1
DA:30,7
DA:31,7
DA:32,7
DA:35,1
DA:37,7
DA:40,1
DA:41,5
DA:44,16
DA:45,16
DA:47,16
DA:48,1
DA:51,16
DA:57,0
DA:58,8
DA:59,8
DA:68,1
DA:70,16
DA:76,1
DA:77,7
DA:80,1
LF:32
LH:31
BRDA:30,0,0,7
BRDA:30,0,1,7
BRDA:31,1,0,7
BRDA:31,1,1,1
BRDA:47,2,0,1
BRDA:47,2,1,15
BRDA:51,3,0,7
BRDA:51,3,1,9
BRDA:52,4,0,1
BRDA:52,4,1,8
BRF:10
BRH:10
end_of_record
TN:
SF:/Users/joe/PROJECTS/auctioneer/src/Poller.ts
FN:1,(anonymous_12)
FN:5,(anonymous_14)
FN:7,(anonymous_15)
FN:12,(anonymous_16)
FN:19,(anonymous_19)
FN:24,(anonymous_20)
FNF:6
FNH:6
FNDA:7,(anonymous_12)
FNDA:1,(anonymous_14)
FNDA:9,(anonymous_15)
FNDA:19,(anonymous_16)
FNDA:1,(anonymous_19)
FNDA:10,(anonymous_20)
DA:1,1
DA:3,6
DA:4,6
DA:5,6
DA:7,1
DA:8,9
DA:9,9
DA:12,1
DA:13,19
DA:14,8
DA:16,11
DA:18,11
DA:19,11
DA:20,1
DA:24,1
DA:25,10
DA:26,10
DA:27,10
DA:29,1
LF:19
LH:19
BRDA:13,0,0,8
BRDA:13,0,1,11
BRF:2
BRH:2
end_of_record
TN:
SF:/Users/joe/PROJECTS/auctioneer/src/reducers.ts
FN:47,(anonymous_1)
FN:51,(anonymous_2)
FN:74,(anonymous_3)
FN:87,(anonymous_4)
FN:100,(anonymous_5)
FN:107,(anonymous_6)
FN:125,(anonymous_7)
FN:128,(anonymous_8)
FN:140,(anonymous_9)
FN:141,(anonymous_10)
FN:142,(anonymous_11)
FN:143,(anonymous_12)
FN:144,(anonymous_13)
FN:146,(anonymous_14)
FN:147,(anonymous_15)
FN:147,(anonymous_16)
FN:148,(anonymous_17)
FN:149,(anonymous_18)
FN:150,(anonymous_19)
FNF:19
FNH:15
FNDA:78,(anonymous_1)
FNDA:31,(anonymous_2)
FNDA:35,(anonymous_3)
FNDA:11,(anonymous_4)
FNDA:8,(anonymous_5)
FNDA:12,(anonymous_6)
FNDA:7,(anonymous_7)
FNDA:2,(anonymous_8)
FNDA:17,(anonymous_9)
FNDA:17,(anonymous_10)
FNDA:8,(anonymous_11)
FNDA:101,(anonymous_12)
FNDA:3,(anonymous_13)
FNDA:0,(anonymous_14)
FNDA:50,(anonymous_15)
FNDA:25,(anonymous_16)
FNDA:0,(anonymous_17)
FNDA:0,(anonymous_18)
FNDA:0,(anonymous_19)
DA:1,1
DA:26,1
DA:28,1
DA:29,1
DA:31,1
DA:32,1
DA:34,1
DA:35,1
DA:36,1
DA:37,1
DA:39,1
DA:47,106
DA:48,78
DA:50,11
DA:51,11
DA:53,31
DA:54,31
DA:55,31
DA:57,11
DA:58,11
DA:60,2
DA:62,2
DA:68,35
DA:70,28
DA:74,1
DA:75,35
DA:76,35
DA:78,35
DA:79,35
DA:81,5
DA:82,1
DA:83,1
DA:85,4
DA:86,4
DA:87,11
DA:88,4
DA:89,4
DA:95,4
DA:96,1
DA:97,1
DA:99,3
DA:100,8
DA:101,3
DA:106,5
DA:107,12
DA:108,5
DA:109,5
DA:110,5
DA:116,17
DA:117,17
DA:118,17
DA:124,4
DA:125,4
DA:126,7
DA:127,4
DA:128,1
DA:129,2
DA:130,1
DA:132,3
DA:134,3
DA:136,4
DA:140,17
DA:141,17
DA:142,8
DA:143,101
DA:144,3
DA:146,1
DA:147,50
DA:148,1
DA:149,1
DA:150,1
LF:71
LH:71
BRDA:47,0,0,28
BRDA:47,0,1,50
BRDA:49,1,0,11
BRDA:49,1,1,2
BRDA:49,1,2,2
BRDA:49,1,3,17
BRDA:49,1,4,22
BRDA:49,1,5,26
BRDA:49,1,6,31
BRDA:49,1,7,35
BRDA:49,1,8,28
BRDA:51,2,0,9
BRDA:51,2,1,2
BRDA:54,3,0,31
BRDA:54,3,1,1
BRDA:78,4,0,35
BRDA:78,4,1,9
BRDA:80,5,0,5
BRDA:80,5,1,4
BRDA:80,5,2,5
BRDA:80,5,3,17
BRDA:80,5,4,4
BRDA:81,6,0,1
BRDA:81,6,1,4
BRDA:87,7,0,4
BRDA:87,7,1,7
BRDA:95,8,0,1
BRDA:95,8,1,3
BRDA:100,9,0,3
BRDA:100,9,1,5
BRDA:108,10,0,4
BRDA:108,10,1,1
BRDA:109,11,0,3
BRDA:109,11,1,2
BRDA:126,12,0,4
BRDA:126,12,1,3
BRDA:127,13,0,1
BRDA:127,13,1,3
BRDA:129,14,0,1
BRDA:129,14,1,1
BRF:40
BRH:40
end_of_record
TN:
SF:/Users/joe/PROJECTS/auctioneer/src/store.ts
FN:6,(anonymous_0)
FNF:1
FNH:1
FNDA:28,(anonymous_0)
DA:1,1
DA:2,1
DA:3,1
DA:6,31
DA:7,28
DA:9,28
LF:6
LH:6
BRDA:6,0,0,3
BRDA:6,0,1,25
BRF:2
BRH:2
end_of_record
TN:
SF:/Users/joe/PROJECTS/auctioneer/src/utils.ts
FN:30,(anonymous_0)
FN:32,(anonymous_1)
FN:33,(anonymous_2)
FN:34,(anonymous_3)
FN:39,(anonymous_4)
FN:43,(anonymous_5)
FN:47,(anonymous_6)
FN:47,(anonymous_7)
FN:53,(anonymous_8)
FN:54,(anonymous_9)
FNF:10
FNH:10
FNDA:1,(anonymous_0)
FNDA:108,(anonymous_1)
FNDA:117,(anonymous_2)
FNDA:116,(anonymous_3)
FNDA:9,(anonymous_4)
FNDA:7,(anonymous_5)
FNDA:15,(anonymous_6)
FNDA:44,(anonymous_7)
FNDA:20,(anonymous_8)
FNDA:11,(anonymous_9)
DA:3,1
DA:28,1
DA:30,1
DA:32,1
DA:33,117
DA:34,108
DA:35,116
DA:39,1
DA:40,9
DA:41,3
DA:43,7
DA:44,6
DA:47,15
DA:48,44
DA:49,44
DA:53,23
DA:54,20
DA:55,20
LF:18
LH:18
BRDA:33,0,0,104
BRDA:33,0,1,4
BRDA:35,1,0,106
BRDA:35,1,1,10
BRDA:40,2,0,3
BRDA:40,2,1,6
BRDA:44,3,0,2
BRDA:44,3,1,4
BRDA:49,4,0,4
BRDA:49,4,1,40
BRDA:53,5,0,3
BRDA:53,5,1,17
BRDA:54,6,0,9
BRDA:54,6,1,11
BRF:14
BRH:14
end_of_record
TN:
SF:/Users/joe/PROJECTS/auctioneer/src/actions/adminActions.ts
FN:5,(anonymous_0)
FN:6,(anonymous_1)
FN:7,(anonymous_2)
FN:8,(anonymous_3)
FN:12,(anonymous_4)
FN:18,(anonymous_5)
FN:22,(anonymous_6)
FN:23,(anonymous_7)
FN:32,(anonymous_8)
FNF:9
FNH:9
FNDA:17,(anonymous_0)
FNDA:2,(anonymous_1)
FNDA:4,(anonymous_2)
FNDA:5,(anonymous_3)
FNDA:5,(anonymous_4)
FNDA:1,(anonymous_5)
FNDA:1,(anonymous_6)
FNDA:1,(anonymous_7)
FNDA:5,(anonymous_8)
DA:1,1
DA:2,1
DA:5,17
DA:6,2
DA:7,4
DA:8,1
DA:10,9
DA:11,9
DA:12,5
DA:13,5
DA:18,1
DA:20,1
DA:21,1
DA:22,1
DA:23,1
DA:24,1
DA:25,1
DA:26,0
DA:28,1
DA:29,1
DA:32,5
LF:21
LH:20
BRDA:10,0,0,4
BRDA:10,0,1,1
BRDA:11,1,0,4
BRDA:11,1,1,1
BRDA:20,2,0,0
BRDA:20,2,1,1
BRDA:21,3,0,0
BRDA:21,3,1,1
BRDA:25,4,0,0
BRDA:25,4,1,1
BRF:10
BRH:7
end_of_record
TN:
SF:/Users/joe/PROJECTS/auctioneer/src/actions/auctionItemActions.ts
FN:12,(anonymous_0)
FN:13,(anonymous_1)
FN:14,(anonymous_2)
FN:21,(anonymous_3)
FN:23,(anonymous_4)
FN:24,(anonymous_5)
FN:27,(anonymous_6)
FN:27,(anonymous_7)
FN:34,(anonymous_8)
FNF:9
FNH:9
FNDA:8,(anonymous_0)
FNDA:8,(anonymous_1)
FNDA:7,(anonymous_2)
FNDA:1,(anonymous_3)
FNDA:2,(anonymous_4)
FNDA:11,(anonymous_5)
FNDA:5,(anonymous_6)
FNDA:5,(anonymous_7)
FNDA:4,(anonymous_8)
DA:1,1
DA:9,1
DA:10,1
DA:12,15
DA:13,8
DA:14,8
DA:15,7
DA:16,7
DA:17,0
DA:19,7
DA:20,7
DA:21,1
DA:23,2
DA:24,11
DA:25,11
DA:27,5
DA:28,5
DA:29,5
DA:30,5
DA:31,4
DA:34,4
LF:21
LH:20
BRDA:12,0,0,7
BRDA:12,0,1,1
BRDA:12,1,0,7
BRDA:12,1,1,1
BRDA:15,2,0,7
BRDA:15,2,1,7
BRDA:16,3,0,0
BRDA:16,3,1,7
BRDA:30,4,0,4
BRDA:30,4,1,1
BRF:10
BRH:9
end_of_record
TN:
SF:/Users/joe/PROJECTS/auctioneer/src/admin/AddItem.tsx
FN:7,AddItem
FNF:1
FNH:1
FNDA:1,AddItem
DA:1,1
DA:7,1
DA:8,1
LF:3
LH:3
BRF:0
BRH:0
end_of_record
TN:
SF:/Users/joe/PROJECTS/auctioneer/src/admin/AdminHeader.tsx
FN:4,(anonymous_0)
FNF:1
FNH:0
FNDA:0,(anonymous_0)
DA:1,1
DA:2,1
DA:4,1
LF:3
LH:3
BRF:0
BRH:0
end_of_record
TN:
SF:/Users/joe/PROJECTS/auctioneer/src/admin/AdminPage.tsx
FN:11,(anonymous_0)
FNF:1
FNH:1
FNDA:1,(anonymous_0)
DA:1,1
DA:3,1
DA:4,1
DA:5,1
DA:11,1
DA:13,1
DA:15,1
LF:7
LH:7
BRF:0
BRH:0
end_of_record
TN:
SF:/Users/joe/PROJECTS/auctioneer/src/admin/ItemEditor.tsx
FN:8,(anonymous_1)
FN:24,(anonymous_2)
FN:64,(anonymous_3)
FN:70,(anonymous_4)
FN:77,(anonymous_5)
FN:78,(anonymous_6)
FN:79,(anonymous_7)
FN:82,(anonymous_8)
FN:88,(anonymous_9)
FNF:9
FNH:1
FNDA:1,(anonymous_1)
FNDA:0,(anonymous_2)
FNDA:0,(anonymous_3)
FNDA:0,(anonymous_4)
FNDA:0,(anonymous_5)
FNDA:0,(anonymous_6)
FNDA:0,(anonymous_7)
FNDA:0,(anonymous_8)
FNDA:0,(anonymous_9)
DA:1,1
DA:2,1
DA:4,1
DA:5,1
DA:6,1
DA:8,1
DA:9,1
DA:10,1
DA:11,1
DA:24,1
DA:25,0
DA:26,0
DA:27,0
DA:28,0
DA:29,0
DA:30,0
DA:38,0
DA:64,0
DA:70,1
DA:74,1
DA:77,0
DA:78,0
DA:79,0
DA:82,1
DA:83,0
DA:84,0
DA:89,0
DA:90,0
DA:95,1
LF:29
LH:14
BRDA:8,0,0,1
BRDA:8,0,1,1
BRF:2
BRH:2
end_of_record
TN:
SF:/Users/joe/PROJECTS/auctioneer/src/admin/Sidebar.tsx
FN:14,(anonymous_0)
FN:16,(anonymous_1)
FN:21,(anonymous_2)
FN:23,(anonymous_3)
FN:27,(anonymous_4)
FN:33,(anonymous_5)
FNF:6
FNH:4
FNDA:3,(anonymous_0)
FNDA:6,(anonymous_1)
FNDA:1,(anonymous_2)
FNDA:1,(anonymous_3)
FNDA:0,(anonymous_4)
FNDA:0,(anonymous_5)
DA:1,1
DA:2,1
DA:3,1
DA:4,1
DA:5,1
DA:6,1
DA:14,3
DA:16,6
DA:21,1
DA:23,1
DA:27,1
DA:32,1
DA:34,0
DA:38,1
LF:14
LH:13
BRDA:34,0,0,0
BRDA:34,0,1,0
BRF:2
BRH:0
end_of_record
TN:
SF:/Users/joe/PROJECTS/auctioneer/src/admin/SidebarItem.tsx
FN:10,SidebarItem
FNF:1
FNH:1
FNDA:2,SidebarItem
DA:1,1
DA:10,2
DA:11,2
LF:3
LH:3
BRDA:12,0,0,1
BRDA:12,0,1,1
BRF:2
BRH:2
end_of_record
TN:
SF:/Users/joe/PROJECTS/auctioneer/src/user/BidsPage.tsx
FN:14,(anonymous_0)
FNF:1
FNH:1
FNDA:9,(anonymous_0)
DA:1,1
DA:2,1
DA:3,1
DA:4,1
DA:5,1
DA:14,9
DA:16,9
DA:18,9
LF:8
LH:8
BRF:0
BRH:0
end_of_record
TN:
SF:/Users/joe/PROJECTS/auctioneer/src/user/EmptyListView.tsx
FN:3,(anonymous_0)
FNF:1
FNH:1
FNDA:2,(anonymous_0)
DA:1,1
DA:3,2
LF:2
LH:2
BRF:0
BRH:0
end_of_record
TN:
SF:/Users/joe/PROJECTS/auctioneer/src/user/Footer.tsx
FN:10,(anonymous_0)
FN:18,(anonymous_1)
FNF:2
FNH:2
FNDA:8,(anonymous_0)
FNDA:8,(anonymous_1)
DA:1,1
DA:2,1
DA:3,1
DA:4,1
DA:10,8
DA:18,8
DA:20,1
LF:7
LH:7
BRF:0
BRH:0
end_of_record
TN:
SF:/Users/joe/PROJECTS/auctioneer/src/user/Item.tsx
FN:15,Item
FN:25,(anonymous_2)
FN:60,(anonymous_3)
FN:62,(anonymous_4)
FN:63,(anonymous_5)
FNF:5
FNH:4
FNDA:48,Item
FNDA:42,(anonymous_2)
FNDA:31,(anonymous_3)
FNDA:0,(anonymous_4)
FNDA:2,(anonymous_5)
DA:1,1
DA:2,1
DA:4,1
DA:5,1
DA:15,48
DA:17,48
DA:18,48
DA:19,48
DA:21,48
DA:22,9
DA:23,9
DA:24,9
DA:25,42
DA:26,2
DA:27,2
DA:28,2
DA:31,48
DA:33,48
DA:55,1
DA:60,1
DA:61,31
DA:62,31
DA:63,31
DA:64,2
DA:65,2
DA:68,31
DA:77,1
LF:27
LH:27
BRDA:21,0,0,9
BRDA:21,0,1,39
BRDA:25,1,0,2
BRDA:25,1,1,37
BRDA:31,2,0,0
BRDA:31,2,1,48
BRF:6
BRH:5
end_of_record
TN:
SF:/Users/joe/PROJECTS/auctioneer/src/user/List.tsx
FN:13,(anonymous_0)
FN:16,(anonymous_1)
FN:16,(anonymous_2)
FN:23,(anonymous_3)
FNF:4
FNH:4
FNDA:12,(anonymous_0)
FNDA:12,(anonymous_1)
FNDA:13,(anonymous_2)
FNDA:37,(anonymous_3)
DA:1,1
DA:2,1
DA:3,1
DA:5,1
DA:13,12
DA:15,12
DA:16,13
DA:19,12
DA:24,37
LF:9
LH:9
BRDA:16,0,0,3
BRDA:16,0,1,9
BRDA:22,1,0,10
BRDA:22,1,1,2
BRF:4
BRH:4
end_of_record
TN:
SF:/Users/joe/PROJECTS/auctioneer/src/user/Nav.tsx
FN:4,(anonymous_0)
FN:11,(anonymous_1)
FNF:2
FNH:2
FNDA:8,(anonymous_0)
FNDA:16,(anonymous_1)
DA:1,1
DA:2,1
DA:4,8
DA:11,1
DA:12,16
LF:5
LH:5
BRF:0
BRH:0
end_of_record
TN:
SF:/Users/joe/PROJECTS/auctioneer/src/user/UserNameForm.tsx
FN:3,(anonymous_5)
FN:10,(anonymous_7)
FN:16,(anonymous_8)
FN:21,(anonymous_9)
FN:25,(anonymous_10)
FNF:5
FNH:3
FNDA:7,(anonymous_5)
FNDA:2,(anonymous_7)
FNDA:0,(anonymous_8)
FNDA:0,(anonymous_9)
FNDA:10,(anonymous_10)
DA:1,1
DA:3,6
DA:5,6
DA:6,6
DA:10,6
DA:11,2
DA:12,2
DA:13,2
DA:16,6
DA:17,0
DA:18,0
DA:21,6
DA:22,0
DA:25,1
DA:26,10
DA:40,1
LF:16
LH:13
BRDA:3,0,0,6
BRDA:3,0,1,6
BRDA:3,0,2,6
BRF:3
BRH:3
end_of_record
