TN:
SF:/Users/joe/PROJECTS/auctioneer/server/serverFactory.js
FN:10,(anonymous_12)
FN:18,(anonymous_15)
FN:24,(anonymous_16)
FN:29,(anonymous_17)
FN:39,(anonymous_20)
FN:45,(anonymous_21)
FN:48,(anonymous_22)
FN:53,(anonymous_23)
FN:56,(anonymous_24)
FN:58,(anonymous_25)
FN:69,(anonymous_26)
FN:79,logIPAddress
FN:82,(anonymous_28)
FN:83,(anonymous_29)
FNF:14
FNH:14
FNDA:1,(anonymous_12)
FNDA:11,(anonymous_15)
FNDA:1,(anonymous_16)
FNDA:12,(anonymous_17)
FNDA:4,(anonymous_20)
FNDA:9,(anonymous_21)
FNDA:4,(anonymous_22)
FNDA:11,(anonymous_23)
FNDA:3,(anonymous_24)
FNDA:12,(anonymous_25)
FNDA:1,(anonymous_26)
FNDA:1,logIPAddress
FNDA:5,(anonymous_28)
FNDA:8,(anonymous_29)
DA:1,1
DA:2,1
DA:3,1
DA:4,1
DA:5,1
DA:6,1
DA:7,1
DA:8,1
DA:10,1
DA:12,1
DA:13,1
DA:15,1
DA:16,1
DA:18,1
DA:19,11
DA:24,1
DA:25,1
DA:29,1
DA:31,12
DA:32,12
DA:34,0
DA:36,12
DA:39,1
DA:40,4
DA:41,4
DA:42,4
DA:43,1
DA:45,9
DA:46,2
DA:48,4
DA:53,11
DA:56,1
DA:57,3
DA:58,12
DA:60,3
DA:63,1
DA:66,1
DA:67,1
DA:69,1
DA:70,1
DA:73,1
DA:75,0
DA:80,1
DA:81,1
DA:82,1
DA:83,8
DA:84,5
DA:86,1
DA:89,1
LF:49
LH:47
BRDA:42,0,0,1
BRDA:42,0,1,3
BRDA:42,1,0,4
BRDA:42,1,1,4
BRDA:42,1,2,3
BRDA:42,1,3,3
BRDA:45,2,0,2
BRDA:45,2,1,1
BRDA:48,3,0,1
BRDA:48,3,1,3
BRDA:84,4,0,1
BRDA:84,4,1,4
BRF:12
BRH:12
end_of_record
TN:
SF:/Users/joe/PROJECTS/auctioneer/src/App.tsx
FN:23,(anonymous_17)
FN:30,App
FN:50,(anonymous_19)
FN:36,(anonymous_22)
FN:42,(anonymous_25)
FN:46,(anonymous_26)
FN:63,(anonymous_27)
FN:71,(anonymous_28)
FN:73,(anonymous_29)
FN:85,(anonymous_30)
FNF:10
FNH:8
FNDA:1,(anonymous_17)
FNDA:6,App
FNDA:6,(anonymous_19)
FNDA:6,(anonymous_22)
FNDA:5,(anonymous_25)
FNDA:0,(anonymous_26)
FNDA:14,(anonymous_27)
FNDA:0,(anonymous_28)
FNDA:8,(anonymous_29)
FNDA:14,(anonymous_30)
DA:1,1
DA:2,1
DA:3,1
DA:4,1
DA:6,1
DA:7,1
DA:8,1
DA:9,1
DA:10,1
DA:11,1
DA:23,1
DA:25,1
DA:31,6
DA:32,6
DA:33,6
DA:36,1
DA:37,6
DA:39,6
DA:42,1
DA:43,5
DA:46,1
DA:47,0
DA:50,6
DA:53,6
DA:54,6
DA:55,6
DA:57,0
DA:58,0
DA:59,0
DA:63,14
DA:64,14
DA:66,14
DA:72,0
DA:73,8
DA:74,8
DA:83,1
DA:85,14
DA:91,1
DA:96,1
LF:39
LH:34
BRDA:31,0,0,6
BRDA:31,0,1,6
BRDA:54,1,0,6
BRDA:54,1,1,6
BRDA:32,2,0,6
BRDA:32,2,1,1
BRDA:66,3,0,6
BRDA:66,3,1,8
BRDA:67,4,0,0
BRDA:67,4,1,8
BRF:10
BRH:9
end_of_record
TN:
SF:/Users/joe/PROJECTS/auctioneer/src/Poller.ts
FN:1,(anonymous_12)
FN:7,(anonymous_14)
FN:12,(anonymous_15)
FN:17,(anonymous_16)
FN:22,(anonymous_19)
FNF:5
FNH:4
FNDA:5,(anonymous_12)
FNDA:7,(anonymous_14)
FNDA:16,(anonymous_15)
FNDA:0,(anonymous_16)
FNDA:6,(anonymous_19)
DA:1,1
DA:3,4
DA:4,4
DA:7,1
DA:8,7
DA:9,7
DA:12,16
DA:13,16
DA:14,8
DA:16,8
DA:17,8
DA:18,0
DA:22,1
DA:23,6
DA:24,6
DA:26,1
LF:16
LH:15
BRDA:13,0,0,8
BRDA:13,0,1,8
BRF:2
BRH:2
end_of_record
TN:
SF:/Users/joe/PROJECTS/auctioneer/src/reducers.ts
FN:47,(anonymous_1)
FN:51,(anonymous_2)
FN:74,(anonymous_3)
FN:86,(anonymous_4)
FN:98,(anonymous_5)
FN:105,(anonymous_6)
FN:123,(anonymous_7)
FN:126,(anonymous_8)
FN:138,(anonymous_9)
FN:139,(anonymous_10)
FN:140,(anonymous_11)
FN:141,(anonymous_12)
FN:142,(anonymous_13)
FN:144,(anonymous_14)
FN:145,(anonymous_15)
FN:145,(anonymous_16)
FN:146,(anonymous_17)
FN:147,(anonymous_18)
FN:148,(anonymous_19)
FNF:19
FNH:15
FNDA:62,(anonymous_1)
FNDA:25,(anonymous_2)
FNDA:31,(anonymous_3)
FNDA:9,(anonymous_4)
FNDA:8,(anonymous_5)
FNDA:8,(anonymous_6)
FNDA:4,(anonymous_7)
FNDA:1,(anonymous_8)
FNDA:15,(anonymous_9)
FNDA:15,(anonymous_10)
FNDA:8,(anonymous_11)
FNDA:80,(anonymous_12)
FNDA:3,(anonymous_13)
FNDA:0,(anonymous_14)
FNDA:39,(anonymous_15)
FNDA:21,(anonymous_16)
FNDA:0,(anonymous_17)
FNDA:0,(anonymous_18)
FNDA:0,(anonymous_19)
DA:1,1
DA:26,1
DA:28,1
DA:29,1
DA:31,1
DA:32,1
DA:34,1
DA:35,1
DA:36,1
DA:37,1
DA:39,1
DA:47,84
DA:48,62
DA:50,7
DA:51,7
DA:53,25
DA:54,25
DA:55,25
DA:57,7
DA:58,7
DA:60,1
DA:62,1
DA:68,31
DA:70,22
DA:74,1
DA:75,31
DA:76,31
DA:78,31
DA:79,31
DA:81,3
DA:82,0
DA:84,3
DA:85,3
DA:86,9
DA:87,3
DA:88,3
DA:94,3
DA:95,0
DA:97,3
DA:98,8
DA:99,3
DA:104,5
DA:105,8
DA:106,5
DA:107,5
DA:108,5
DA:114,16
DA:115,16
DA:116,16
DA:122,4
DA:123,4
DA:124,4
DA:125,4
DA:126,1
DA:127,1
DA:128,1
DA:130,3
DA:132,0
DA:134,4
DA:138,15
DA:139,15
DA:140,8
DA:141,80
DA:142,3
DA:144,1
DA:145,39
DA:146,1
DA:147,1
DA:148,1
LF:69
LH:66
BRDA:47,0,0,22
BRDA:47,0,1,40
BRDA:49,1,0,7
BRDA:49,1,1,1
BRDA:49,1,2,1
BRDA:49,1,3,16
BRDA:49,1,4,19
BRDA:49,1,5,23
BRDA:49,1,6,28
BRDA:49,1,7,31
BRDA:49,1,8,22
BRDA:51,2,0,7
BRDA:51,2,1,0
BRDA:54,3,0,25
BRDA:54,3,1,0
BRDA:78,4,0,31
BRDA:78,4,1,6
BRDA:80,5,0,3
BRDA:80,5,1,3
BRDA:80,5,2,5
BRDA:80,5,3,16
BRDA:80,5,4,4
BRDA:81,6,0,0
BRDA:81,6,1,3
BRDA:86,7,0,3
BRDA:86,7,1,6
BRDA:94,8,0,0
BRDA:94,8,1,3
BRDA:98,9,0,3
BRDA:98,9,1,5
BRDA:106,10,0,3
BRDA:106,10,1,2
BRDA:107,11,0,3
BRDA:107,11,1,2
BRDA:124,12,0,4
BRDA:124,12,1,0
BRDA:125,13,0,1
BRDA:125,13,1,3
BRDA:127,14,0,1
BRDA:127,14,1,0
BRF:40
BRH:34
end_of_record
TN:
SF:/Users/joe/PROJECTS/auctioneer/src/store.ts
FN:6,(anonymous_0)
FNF:1
FNH:1
FNDA:22,(anonymous_0)
DA:1,1
DA:2,1
DA:3,1
DA:6,25
DA:7,22
DA:9,22
LF:6
LH:6
BRDA:6,0,0,3
BRDA:6,0,1,19
BRF:2
BRH:2
end_of_record
TN:
SF:/Users/joe/PROJECTS/auctioneer/src/utils.ts
FN:30,(anonymous_0)
FN:32,(anonymous_1)
FN:33,(anonymous_2)
FN:34,(anonymous_3)
FN:39,(anonymous_4)
FN:40,(anonymous_5)
FN:44,(anonymous_6)
FN:44,(anonymous_7)
FN:50,(anonymous_8)
FN:51,(anonymous_9)
FNF:10
FNH:8
FNDA:1,(anonymous_0)
FNDA:97,(anonymous_1)
FNDA:105,(anonymous_2)
FNDA:104,(anonymous_3)
FNDA:0,(anonymous_4)
FNDA:0,(anonymous_5)
FNDA:10,(anonymous_6)
FNDA:34,(anonymous_7)
FNDA:18,(anonymous_8)
FNDA:10,(anonymous_9)
DA:3,1
DA:28,1
DA:30,1
DA:32,1
DA:33,105
DA:34,97
DA:35,104
DA:39,1
DA:40,0
DA:41,0
DA:44,10
DA:45,34
DA:46,34
DA:50,20
DA:51,18
DA:52,18
LF:16
LH:14
BRDA:33,0,0,93
BRDA:33,0,1,4
BRDA:35,1,0,99
BRDA:35,1,1,5
BRDA:41,2,0,0
BRDA:41,2,1,0
BRDA:46,3,0,3
BRDA:46,3,1,31
BRDA:50,4,0,2
BRDA:50,4,1,16
BRDA:51,5,0,8
BRDA:51,5,1,10
BRF:12
BRH:10
end_of_record
TN:
SF:/Users/joe/PROJECTS/auctioneer/src/actions/adminActions.ts
FN:5,(anonymous_0)
FN:6,(anonymous_1)
FN:7,(anonymous_2)
FN:8,(anonymous_3)
FN:8,(anonymous_4)
FN:11,(anonymous_5)
FN:11,(anonymous_6)
FN:12,(anonymous_7)
FN:21,(anonymous_8)
FNF:9
FNH:9
FNDA:16,(anonymous_0)
FNDA:1,(anonymous_1)
FNDA:4,(anonymous_2)
FNDA:4,(anonymous_3)
FNDA:4,(anonymous_4)
FNDA:1,(anonymous_5)
FNDA:1,(anonymous_6)
FNDA:1,(anonymous_7)
FNDA:5,(anonymous_8)
DA:1,1
DA:2,1
DA:5,16
DA:6,1
DA:7,4
DA:8,7
DA:9,4
DA:11,1
DA:12,1
DA:13,1
DA:14,1
DA:15,0
DA:17,1
DA:18,1
DA:21,5
LF:15
LH:14
BRDA:8,0,0,3
BRDA:8,0,1,1
BRDA:8,1,0,3
BRDA:8,1,1,1
BRDA:11,2,0,0
BRDA:11,2,1,1
BRDA:11,3,0,0
BRDA:11,3,1,1
BRDA:14,4,0,0
BRDA:14,4,1,1
BRF:10
BRH:7
end_of_record
TN:
SF:/Users/joe/PROJECTS/auctioneer/src/actions/auctionItemActions.ts
FN:11,(anonymous_0)
FN:16,(anonymous_1)
FN:18,(anonymous_2)
FN:18,(anonymous_3)
FN:23,(anonymous_4)
FNF:5
FNH:5
FNDA:7,(anonymous_0)
FNDA:1,(anonymous_1)
FNDA:3,(anonymous_2)
FNDA:3,(anonymous_3)
FNDA:3,(anonymous_4)
DA:1,1
DA:9,1
DA:11,7
DA:16,1
DA:18,3
DA:19,3
DA:20,3
DA:21,3
DA:23,3
LF:9
LH:9
BRF:0
BRH:0
end_of_record
TN:
SF:/Users/joe/PROJECTS/auctioneer/src/admin/AddItem.tsx
FN:7,(anonymous_0)
FNF:1
FNH:0
FNDA:0,(anonymous_0)
DA:1,1
DA:7,1
LF:2
LH:2
BRF:0
BRH:0
end_of_record
TN:
SF:/Users/joe/PROJECTS/auctioneer/src/admin/AdminHeader.tsx
FN:4,(anonymous_0)
FNF:1
FNH:0
FNDA:0,(anonymous_0)
DA:1,1
DA:2,1
DA:4,1
LF:3
LH:3
BRF:0
BRH:0
end_of_record
TN:
SF:/Users/joe/PROJECTS/auctioneer/src/admin/AdminPage.tsx
FN:11,(anonymous_0)
FNF:1
FNH:1
FNDA:1,(anonymous_0)
DA:1,1
DA:3,1
DA:4,1
DA:5,1
DA:11,1
DA:13,1
DA:15,1
LF:7
LH:7
BRF:0
BRH:0
end_of_record
TN:
SF:/Users/joe/PROJECTS/auctioneer/src/admin/ItemEditor.tsx
FN:8,(anonymous_1)
FN:24,(anonymous_2)
FN:64,(anonymous_3)
FN:70,(anonymous_4)
FN:77,(anonymous_5)
FN:78,(anonymous_6)
FN:79,(anonymous_7)
FN:82,(anonymous_8)
FN:88,(anonymous_9)
FNF:9
FNH:1
FNDA:1,(anonymous_1)
FNDA:0,(anonymous_2)
FNDA:0,(anonymous_3)
FNDA:0,(anonymous_4)
FNDA:0,(anonymous_5)
FNDA:0,(anonymous_6)
FNDA:0,(anonymous_7)
FNDA:0,(anonymous_8)
FNDA:0,(anonymous_9)
DA:1,1
DA:2,1
DA:4,1
DA:5,1
DA:6,1
DA:8,1
DA:9,1
DA:10,1
DA:11,1
DA:24,1
DA:25,0
DA:26,0
DA:27,0
DA:28,0
DA:29,0
DA:30,0
DA:38,0
DA:64,0
DA:70,1
DA:74,1
DA:77,0
DA:78,0
DA:79,0
DA:82,1
DA:83,0
DA:84,0
DA:89,0
DA:90,0
DA:95,1
LF:29
LH:14
BRDA:8,0,0,1
BRDA:8,0,1,1
BRF:2
BRH:2
end_of_record
TN:
SF:/Users/joe/PROJECTS/auctioneer/src/admin/Sidebar.tsx
FN:14,(anonymous_0)
FN:16,(anonymous_1)
FN:21,(anonymous_2)
FN:23,(anonymous_3)
FN:27,(anonymous_4)
FN:33,(anonymous_5)
FNF:6
FNH:0
FNDA:0,(anonymous_0)
FNDA:0,(anonymous_1)
FNDA:0,(anonymous_2)
FNDA:0,(anonymous_3)
FNDA:0,(anonymous_4)
FNDA:0,(anonymous_5)
DA:1,1
DA:2,1
DA:3,1
DA:4,1
DA:5,1
DA:6,1
DA:14,1
DA:16,0
DA:21,0
DA:23,0
DA:27,1
DA:32,1
DA:34,0
DA:38,1
LF:14
LH:10
BRDA:34,0,0,0
BRDA:34,0,1,0
BRF:2
BRH:0
end_of_record
TN:
SF:/Users/joe/PROJECTS/auctioneer/src/admin/SidebarItem.tsx
FN:10,(anonymous_0)
FNF:1
FNH:0
FNDA:0,(anonymous_0)
DA:1,1
DA:10,1
LF:2
LH:2
BRDA:11,0,0,0
BRDA:11,0,1,0
BRF:2
BRH:0
end_of_record
TN:
SF:/Users/joe/PROJECTS/auctioneer/src/user/BidsPage.tsx
FN:14,(anonymous_0)
FNF:1
FNH:1
FNDA:9,(anonymous_0)
DA:1,1
DA:2,1
DA:3,1
DA:4,1
DA:5,1
DA:14,9
DA:16,9
DA:18,9
LF:8
LH:8
BRF:0
BRH:0
end_of_record
TN:
SF:/Users/joe/PROJECTS/auctioneer/src/user/EmptyListView.tsx
FN:3,(anonymous_0)
FNF:1
FNH:1
FNDA:2,(anonymous_0)
DA:1,1
DA:3,2
LF:2
LH:2
BRF:0
BRH:0
end_of_record
TN:
SF:/Users/joe/PROJECTS/auctioneer/src/user/Footer.tsx
FN:10,(anonymous_0)
FN:18,(anonymous_1)
FNF:2
FNH:2
FNDA:8,(anonymous_0)
FNDA:8,(anonymous_1)
DA:1,1
DA:2,1
DA:3,1
DA:4,1
DA:10,8
DA:18,8
DA:20,1
LF:7
LH:7
BRF:0
BRH:0
end_of_record
TN:
SF:/Users/joe/PROJECTS/auctioneer/src/user/Item.tsx
FN:15,Item
FN:25,(anonymous_2)
FN:60,(anonymous_3)
FN:62,(anonymous_4)
FN:63,(anonymous_5)
FNF:5
FNH:4
FNDA:48,Item
FNDA:42,(anonymous_2)
FNDA:31,(anonymous_3)
FNDA:0,(anonymous_4)
FNDA:2,(anonymous_5)
DA:1,1
DA:2,1
DA:4,1
DA:5,1
DA:15,48
DA:17,48
DA:18,48
DA:19,48
DA:21,48
DA:22,9
DA:23,9
DA:24,9
DA:25,42
DA:26,2
DA:27,2
DA:28,2
DA:31,48
DA:33,48
DA:55,1
DA:60,1
DA:61,31
DA:62,31
DA:63,31
DA:64,2
DA:65,2
DA:68,31
DA:77,1
LF:27
LH:27
BRDA:21,0,0,9
BRDA:21,0,1,39
BRDA:25,1,0,2
BRDA:25,1,1,37
BRDA:31,2,0,0
BRDA:31,2,1,48
BRF:6
BRH:5
end_of_record
TN:
SF:/Users/joe/PROJECTS/auctioneer/src/user/List.tsx
FN:13,(anonymous_0)
FN:16,(anonymous_1)
FN:16,(anonymous_2)
FN:23,(anonymous_3)
FNF:4
FNH:4
FNDA:12,(anonymous_0)
FNDA:12,(anonymous_1)
FNDA:13,(anonymous_2)
FNDA:37,(anonymous_3)
DA:1,1
DA:2,1
DA:3,1
DA:5,1
DA:13,12
DA:15,12
DA:16,13
DA:19,12
DA:24,37
LF:9
LH:9
BRDA:16,0,0,3
BRDA:16,0,1,9
BRDA:22,1,0,10
BRDA:22,1,1,2
BRF:4
BRH:4
end_of_record
TN:
SF:/Users/joe/PROJECTS/auctioneer/src/user/Nav.tsx
FN:4,(anonymous_0)
FN:11,(anonymous_1)
FNF:2
FNH:2
FNDA:8,(anonymous_0)
FNDA:16,(anonymous_1)
DA:1,1
DA:2,1
DA:4,8
DA:11,1
DA:12,16
LF:5
LH:5
BRF:0
BRH:0
end_of_record
TN:
SF:/Users/joe/PROJECTS/auctioneer/src/user/UserNameForm.tsx
FN:3,(anonymous_5)
FN:10,(anonymous_7)
FN:16,(anonymous_8)
FN:21,(anonymous_9)
FN:25,(anonymous_10)
FNF:5
FNH:3
FNDA:7,(anonymous_5)
FNDA:2,(anonymous_7)
FNDA:0,(anonymous_8)
FNDA:0,(anonymous_9)
FNDA:10,(anonymous_10)
DA:1,1
DA:3,6
DA:5,6
DA:6,6
DA:10,6
DA:11,2
DA:12,2
DA:13,2
DA:16,6
DA:17,0
DA:18,0
DA:21,6
DA:22,0
DA:25,1
DA:26,10
DA:40,1
LF:16
LH:13
BRDA:3,0,0,6
BRDA:3,0,1,6
BRDA:3,0,2,6
BRF:3
BRH:3
end_of_record
TN:
SF:/Users/joe/PROJECTS/auctioneer/test/AdminPage.test.js
FN:6,(anonymous_0)
FN:8,(anonymous_1)
FN:10,(anonymous_2)
FNF:3
FNH:2
FNDA:1,(anonymous_0)
FNDA:1,(anonymous_1)
FNDA:0,(anonymous_2)
DA:1,1
DA:2,1
DA:3,1
DA:4,1
DA:6,1
DA:8,1
DA:9,1
DA:10,1
DA:11,1
DA:12,1
DA:13,1
LF:11
LH:11
BRF:0
BRH:0
end_of_record
TN:
SF:/Users/joe/PROJECTS/auctioneer/test/App.test.js
FN:11,(anonymous_12)
FN:17,(anonymous_13)
FN:26,(anonymous_16)
FN:31,(anonymous_17)
FN:41,(anonymous_18)
FN:47,(anonymous_19)
FN:59,(anonymous_22)
FN:63,(anonymous_23)
FN:69,(anonymous_24)
FN:84,(anonymous_25)
FN:91,(anonymous_28)
FN:99,(anonymous_29)
FNF:12
FNH:12
FNDA:1,(anonymous_12)
FNDA:6,(anonymous_13)
FNDA:6,(anonymous_16)
FNDA:1,(anonymous_17)
FNDA:1,(anonymous_18)
FNDA:5,(anonymous_19)
FNDA:5,(anonymous_22)
FNDA:1,(anonymous_23)
FNDA:1,(anonymous_24)
FNDA:1,(anonymous_25)
FNDA:1,(anonymous_28)
FNDA:1,(anonymous_29)
DA:1,1
DA:2,1
DA:3,1
DA:4,1
DA:5,1
DA:6,1
DA:7,1
DA:9,1
DA:11,1
DA:17,1
DA:18,6
DA:19,6
DA:23,6
DA:26,1
DA:27,6
DA:28,6
DA:31,1
DA:32,1
DA:37,1
DA:38,1
DA:41,1
DA:43,1
DA:47,1
DA:48,5
DA:49,5
DA:54,5
DA:55,5
DA:56,5
DA:59,1
DA:60,5
DA:63,1
DA:64,1
DA:65,1
DA:66,1
DA:69,1
DA:70,1
DA:71,1
DA:72,1
DA:74,1
DA:75,1
DA:76,1
DA:78,1
DA:79,1
DA:80,1
DA:81,1
DA:84,1
DA:85,1
DA:86,1
DA:87,1
DA:88,1
DA:91,1
DA:92,1
DA:93,1
DA:94,1
DA:95,1
DA:96,1
DA:99,1
DA:100,1
DA:101,1
DA:102,1
LF:60
LH:60
BRF:0
BRH:0
end_of_record
TN:
SF:/Users/joe/PROJECTS/auctioneer/test/BidsPage.test.js
FN:6,(anonymous_0)
FN:8,(anonymous_1)
FNF:2
FNH:2
FNDA:1,(anonymous_0)
FNDA:1,(anonymous_1)
DA:1,1
DA:2,1
DA:3,1
DA:4,1
DA:6,1
DA:8,1
DA:9,1
DA:10,1
DA:11,1
DA:12,1
LF:10
LH:10
BRF:0
BRH:0
end_of_record
TN:
SF:/Users/joe/PROJECTS/auctioneer/test/Item.test.js
FN:11,(anonymous_1)
FN:13,(anonymous_2)
FN:31,(anonymous_3)
FN:34,(anonymous_4)
FN:45,(anonymous_5)
FN:48,(anonymous_6)
FN:59,(anonymous_7)
FN:63,(anonymous_8)
FN:71,(anonymous_9)
FN:75,(anonymous_10)
FN:91,(anonymous_11)
FN:96,(anonymous_12)
FN:109,(anonymous_13)
FN:115,(anonymous_14)
FN:133,(anonymous_15)
FNF:15
FNH:15
FNDA:1,(anonymous_1)
FNDA:8,(anonymous_2)
FNDA:1,(anonymous_3)
FNDA:1,(anonymous_4)
FNDA:1,(anonymous_5)
FNDA:1,(anonymous_6)
FNDA:1,(anonymous_7)
FNDA:1,(anonymous_8)
FNDA:1,(anonymous_9)
FNDA:1,(anonymous_10)
FNDA:1,(anonymous_11)
FNDA:1,(anonymous_12)
FNDA:1,(anonymous_13)
FNDA:1,(anonymous_14)
FNDA:1,(anonymous_15)
DA:1,1
DA:2,1
DA:3,1
DA:4,1
DA:5,1
DA:7,1
DA:9,1
DA:11,1
DA:13,1
DA:14,8
DA:15,8
DA:16,8
DA:18,8
DA:20,8
DA:28,8
DA:31,1
DA:32,1
DA:33,1
DA:34,1
DA:36,1
DA:38,1
DA:40,1
DA:42,1
DA:45,1
DA:46,1
DA:47,1
DA:48,1
DA:50,1
DA:52,1
DA:54,1
DA:56,1
DA:59,1
DA:60,1
DA:61,1
DA:63,1
DA:64,1
DA:65,1
DA:67,1
DA:68,1
DA:71,1
DA:72,1
DA:73,1
DA:75,1
DA:76,1
DA:78,1
DA:79,1
DA:81,1
DA:82,1
DA:84,1
DA:85,1
DA:86,1
DA:88,1
DA:91,1
DA:92,1
DA:93,1
DA:94,1
DA:96,1
DA:98,1
DA:99,1
DA:101,1
DA:103,1
DA:105,1
DA:106,1
DA:109,1
DA:110,1
DA:111,1
DA:112,1
DA:115,1
DA:116,1
DA:117,1
DA:118,1
DA:119,1
DA:120,1
DA:128,1
DA:129,1
DA:130,1
DA:133,1
DA:134,1
DA:135,1
DA:136,1
DA:137,1
DA:138,1
DA:146,1
DA:147,1
DA:148,1
DA:149,1
LF:86
LH:86
BRF:0
BRH:0
end_of_record
TN:
SF:/Users/joe/PROJECTS/auctioneer/test/List.test.js
FN:11,(anonymous_1)
FN:13,(anonymous_2)
FN:30,(anonymous_3)
FN:35,(anonymous_4)
FN:40,(anonymous_5)
FN:52,(anonymous_6)
FN:54,(anonymous_7)
FN:55,(anonymous_8)
FNF:8
FNH:8
FNDA:1,(anonymous_1)
FNDA:3,(anonymous_2)
FNDA:1,(anonymous_3)
FNDA:4,(anonymous_4)
FNDA:1,(anonymous_5)
FNDA:1,(anonymous_6)
FNDA:4,(anonymous_7)
FNDA:4,(anonymous_8)
DA:1,1
DA:2,1
DA:3,1
DA:4,1
DA:5,1
DA:6,1
DA:7,1
DA:9,1
DA:11,1
DA:13,1
DA:14,3
DA:15,3
DA:21,3
DA:27,3
DA:30,1
DA:31,1
DA:33,1
DA:34,1
DA:35,1
DA:36,4
DA:40,1
DA:41,1
DA:42,1
DA:43,1
DA:44,1
DA:45,1
DA:47,1
DA:48,1
DA:49,1
DA:52,1
DA:53,1
DA:54,1
DA:55,4
DA:58,1
LF:34
LH:34
BRF:0
BRH:0
end_of_record
TN:
SF:/Users/joe/PROJECTS/auctioneer/test/Server.test.js
FN:11,(anonymous_13)
FN:19,(anonymous_14)
FN:26,(anonymous_17)
FN:31,(anonymous_20)
FN:38,(anonymous_21)
FN:43,(anonymous_24)
FN:48,(anonymous_27)
FN:53,(anonymous_30)
FN:69,(anonymous_31)
FN:79,(anonymous_34)
FN:94,(anonymous_37)
FN:96,(anonymous_40)
FN:102,(anonymous_41)
FN:104,(anonymous_44)
FN:109,(anonymous_45)
FN:111,(anonymous_46)
FN:115,(anonymous_47)
FN:126,(anonymous_50)
FNF:18
FNH:18
FNDA:1,(anonymous_13)
FNDA:1,(anonymous_14)
FNDA:11,(anonymous_17)
FNDA:1,(anonymous_20)
FNDA:2,(anonymous_21)
FNDA:1,(anonymous_24)
FNDA:1,(anonymous_27)
FNDA:1,(anonymous_30)
FNDA:1,(anonymous_31)
FNDA:1,(anonymous_34)
FNDA:1,(anonymous_37)
FNDA:4,(anonymous_40)
FNDA:1,(anonymous_41)
FNDA:4,(anonymous_44)
FNDA:1,(anonymous_45)
FNDA:1,(anonymous_46)
FNDA:1,(anonymous_47)
FNDA:1,(anonymous_50)
DA:1,1
DA:2,1
DA:3,1
DA:4,1
DA:5,1
DA:8,1
DA:9,1
DA:11,1
DA:15,1
DA:16,1
DA:17,1
DA:19,1
DA:20,1
DA:21,1
DA:23,1
DA:26,1
DA:28,11
DA:31,1
DA:32,1
DA:35,1
DA:39,2
DA:40,2
DA:43,1
DA:44,1
DA:45,1
DA:48,1
DA:49,1
DA:50,1
DA:53,1
DA:54,1
DA:56,1
DA:58,1
DA:59,1
DA:60,1
DA:61,1
DA:63,1
DA:64,1
DA:65,1
DA:66,1
DA:69,1
DA:70,1
DA:72,1
DA:73,1
DA:75,1
DA:76,1
DA:79,1
DA:80,1
DA:82,1
DA:83,1
DA:85,1
DA:86,1
DA:88,1
DA:90,1
DA:91,1
DA:94,1
DA:95,1
DA:96,1
DA:97,4
DA:98,4
DA:102,1
DA:103,1
DA:104,1
DA:105,4
DA:109,1
DA:111,1
DA:115,1
DA:116,1
DA:122,1
DA:123,1
DA:126,1
DA:127,1
DA:128,1
LF:72
LH:72
BRF:0
BRH:0
end_of_record
TN:
SF:/Users/joe/PROJECTS/auctioneer/test/redux.test.js
FN:16,(anonymous_0)
FN:33,(anonymous_1)
FN:39,(anonymous_2)
FN:43,(anonymous_3)
FN:45,(anonymous_4)
FN:55,(anonymous_5)
FN:66,(anonymous_6)
FN:73,(anonymous_7)
FN:79,(anonymous_8)
FN:80,(anonymous_9)
FN:83,(anonymous_10)
FN:94,(anonymous_11)
FN:96,(anonymous_12)
FN:106,(anonymous_13)
FN:108,(anonymous_14)
FN:121,(anonymous_15)
FN:127,(anonymous_16)
FN:131,(anonymous_17)
FN:146,(anonymous_18)
FN:157,(anonymous_19)
FNF:20
FNH:19
FNDA:1,(anonymous_0)
FNDA:12,(anonymous_1)
FNDA:1,(anonymous_2)
FNDA:1,(anonymous_3)
FNDA:1,(anonymous_4)
FNDA:1,(anonymous_5)
FNDA:0,(anonymous_6)
FNDA:1,(anonymous_7)
FNDA:1,(anonymous_8)
FNDA:1,(anonymous_9)
FNDA:1,(anonymous_10)
FNDA:1,(anonymous_11)
FNDA:1,(anonymous_12)
FNDA:1,(anonymous_13)
FNDA:1,(anonymous_14)
FNDA:1,(anonymous_15)
FNDA:1,(anonymous_16)
FNDA:3,(anonymous_17)
FNDA:1,(anonymous_18)
FNDA:1,(anonymous_19)
DA:1,1
DA:2,1
DA:3,1
DA:7,1
DA:8,1
DA:14,1
DA:16,1
DA:18,1
DA:22,1
DA:33,1
DA:34,12
DA:35,12
DA:36,12
DA:39,1
DA:40,1
DA:43,1
DA:45,1
DA:46,1
DA:47,1
DA:48,1
DA:49,1
DA:50,1
DA:51,1
DA:52,1
DA:55,1
DA:56,1
DA:57,1
DA:58,1
DA:59,1
DA:60,1
DA:61,1
DA:62,1
DA:63,1
DA:66,1
DA:67,0
DA:68,0
DA:69,0
DA:70,0
DA:73,1
DA:74,1
DA:75,1
DA:76,1
DA:77,1
DA:78,1
DA:79,1
DA:80,1
DA:83,1
DA:84,1
DA:85,1
DA:86,1
DA:87,1
DA:88,1
DA:89,1
DA:90,1
DA:91,1
DA:94,1
DA:96,1
DA:97,1
DA:98,1
DA:99,1
DA:100,1
DA:101,1
DA:102,1
DA:106,1
DA:108,1
DA:109,1
DA:116,1
DA:117,1
DA:118,1
DA:121,1
DA:122,1
DA:123,1
DA:124,1
DA:127,1
DA:128,1
DA:129,1
DA:130,1
DA:131,3
DA:132,1
DA:133,1
DA:134,1
DA:135,1
DA:136,1
DA:138,1
DA:139,1
DA:140,1
DA:141,1
DA:142,1
DA:146,1
DA:147,1
DA:148,1
DA:149,1
DA:150,1
DA:151,1
DA:152,1
DA:153,1
DA:154,1
DA:157,1
DA:158,1
DA:159,1
DA:160,1
DA:161,1
DA:162,1
DA:163,1
DA:164,1
DA:165,1
DA:166,1
DA:167,1
DA:168,1
DA:169,1
DA:170,1
DA:171,1
DA:172,1
DA:173,1
DA:174,1
DA:175,1
DA:176,1
DA:177,1
LF:118
LH:114
BRF:0
BRH:0
end_of_record
TN:
SF:/Users/joe/PROJECTS/auctioneer/test/setup.js
FNF:0
FNH:0
DA:1,1
DA:2,1
DA:4,1
LF:3
LH:3
BRF:0
BRH:0
end_of_record
TN:
SF:/Users/joe/PROJECTS/auctioneer/test/testUtils.js
FN:6,(anonymous_0)
FN:8,(anonymous_1)
FN:9,(anonymous_2)
FN:13,(anonymous_3)
FN:14,(anonymous_4)
FN:15,(anonymous_5)
FNF:6
FNH:6
FNDA:17,(anonymous_0)
FNDA:3,(anonymous_1)
FNDA:3,(anonymous_2)
FNDA:5,(anonymous_3)
FNDA:5,(anonymous_4)
FNDA:5,(anonymous_5)
DA:1,1
DA:3,1
DA:4,1
DA:6,17
DA:8,1
DA:9,3
DA:10,3
DA:13,1
DA:14,5
DA:15,5
DA:16,5
LF:11
LH:11
BRF:0
BRH:0
end_of_record
TN:
SF:/Users/joe/PROJECTS/auctioneer/test/utils.test.js
FN:14,(anonymous_0)
FNF:1
FNH:1
FNDA:10,(anonymous_0)
DA:1,1
DA:3,1
DA:15,10
LF:3
LH:3
BRF:0
BRH:0
end_of_record
